<?xml version="1.0" encoding="UTF-8"?>
<coverage generated="1651763320886" clover="3.2.0">
  <project timestamp="1651763320886" name="All files">
    <metrics statements="488" coveredstatements="488" conditionals="228" coveredconditionals="224" methods="100" coveredmethods="100" elements="816" coveredelements="812" complexity="0" loc="488" ncloc="488" packages="1" files="1" classes="1"/>
    <file name="index.js" path="/Users/tsaruggan/Desktop/matisse/index.js">
      <metrics statements="488" coveredstatements="488" conditionals="228" coveredconditionals="224" methods="100" coveredmethods="100"/>
      <line num="3" count="5" type="stmt"/>
      <line num="4" count="5" type="stmt"/>
      <line num="11" count="2007" type="stmt"/>
      <line num="12" count="2007" type="stmt"/>
      <line num="13" count="2007" type="stmt"/>
      <line num="14" count="2007" type="stmt"/>
      <line num="15" count="2007" type="stmt"/>
      <line num="16" count="2007" type="stmt"/>
      <line num="17" count="2007" type="stmt"/>
      <line num="18" count="2007" type="stmt"/>
      <line num="19" count="2007" type="stmt"/>
      <line num="20" count="2007" type="stmt"/>
      <line num="21" count="2007" type="stmt"/>
      <line num="22" count="2007" type="stmt"/>
      <line num="23" count="2007" type="stmt"/>
      <line num="24" count="2007" type="stmt"/>
      <line num="30" count="1132" type="stmt"/>
      <line num="36" count="1119" type="stmt"/>
      <line num="42" count="1131" type="stmt"/>
      <line num="48" count="1118" type="stmt"/>
      <line num="54" count="1130" type="stmt"/>
      <line num="60" count="1117" type="stmt"/>
      <line num="66" count="305" type="stmt"/>
      <line num="72" count="298" type="stmt"/>
      <line num="78" count="272" type="stmt"/>
      <line num="84" count="269" type="stmt"/>
      <line num="90" count="271" type="stmt"/>
      <line num="96" count="268" type="stmt"/>
      <line num="102" count="137" type="stmt"/>
      <line num="108" count="136" type="stmt"/>
      <line num="114" count="136" type="stmt"/>
      <line num="120" count="136" type="stmt"/>
      <line num="126" count="136" type="stmt"/>
      <line num="132" count="135" type="stmt"/>
      <line num="138" count="26" type="stmt"/>
      <line num="144" count="26" type="stmt"/>
      <line num="150" count="26" type="stmt"/>
      <line num="156" count="25" type="stmt"/>
      <line num="162" count="8" type="stmt"/>
      <line num="168" count="8" type="stmt"/>
      <line num="174" count="141" type="stmt"/>
      <line num="180" count="139" type="stmt"/>
      <line num="186" count="2034" type="stmt"/>
      <line num="192" count="1534" type="stmt"/>
      <line num="201" count="2007" type="cond" truecount="2" falsecount="0"/>
      <line num="202" count="498" type="stmt"/>
      <line num="203" count="498" type="stmt"/>
      <line num="204" count="497" type="cond" truecount="3" falsecount="0"/>
      <line num="206" count="495" type="stmt"/>
      <line num="208" count="1" type="stmt"/>
      <line num="210" count="1" type="stmt"/>
      <line num="213" count="1" type="stmt"/>
      <line num="227" count="1102" type="cond" truecount="6" falsecount="0"/>
      <line num="228" count="4" type="stmt"/>
      <line num="229" count="1098" type="cond" truecount="6" falsecount="0"/>
      <line num="230" count="4" type="stmt"/>
      <line num="232" count="1094" type="stmt"/>
      <line num="233" count="1094" type="stmt"/>
      <line num="234" count="1094" type="stmt"/>
      <line num="235" count="1094" type="stmt"/>
      <line num="236" count="1094" type="stmt"/>
      <line num="237" count="1094" type="stmt"/>
      <line num="238" count="1094" type="stmt"/>
      <line num="239" count="1094" type="stmt"/>
      <line num="240" count="1094" type="stmt"/>
      <line num="241" count="1094" type="stmt"/>
      <line num="253" count="269" type="cond" truecount="6" falsecount="0"/>
      <line num="254" count="4" type="stmt"/>
      <line num="255" count="265" type="cond" truecount="6" falsecount="0"/>
      <line num="256" count="4" type="stmt"/>
      <line num="258" count="261" type="stmt"/>
      <line num="259" count="261" type="stmt"/>
      <line num="260" count="261" type="stmt"/>
      <line num="261" count="261" type="stmt"/>
      <line num="262" count="261" type="stmt"/>
      <line num="263" count="261" type="stmt"/>
      <line num="264" count="261" type="stmt"/>
      <line num="265" count="261" type="stmt"/>
      <line num="266" count="261" type="stmt"/>
      <line num="267" count="261" type="stmt"/>
      <line num="280" count="135" type="cond" truecount="7" falsecount="0"/>
      <line num="281" count="2" type="stmt"/>
      <line num="283" count="133" type="cond" truecount="7" falsecount="0"/>
      <line num="284" count="3" type="stmt"/>
      <line num="286" count="130" type="stmt"/>
      <line num="287" count="130" type="stmt"/>
      <line num="288" count="130" type="stmt"/>
      <line num="289" count="130" type="stmt"/>
      <line num="290" count="130" type="stmt"/>
      <line num="291" count="130" type="stmt"/>
      <line num="292" count="130" type="stmt"/>
      <line num="293" count="130" type="stmt"/>
      <line num="294" count="130" type="stmt"/>
      <line num="295" count="130" type="stmt"/>
      <line num="296" count="130" type="stmt"/>
      <line num="308" count="25" type="cond" truecount="6" falsecount="0"/>
      <line num="309" count="2" type="stmt"/>
      <line num="311" count="23" type="cond" truecount="6" falsecount="0"/>
      <line num="312" count="2" type="stmt"/>
      <line num="314" count="21" type="stmt"/>
      <line num="315" count="21" type="stmt"/>
      <line num="316" count="21" type="stmt"/>
      <line num="317" count="21" type="stmt"/>
      <line num="318" count="21" type="stmt"/>
      <line num="319" count="21" type="stmt"/>
      <line num="320" count="21" type="stmt"/>
      <line num="321" count="21" type="stmt"/>
      <line num="322" count="21" type="stmt"/>
      <line num="323" count="21" type="stmt"/>
      <line num="335" count="7" type="cond" truecount="6" falsecount="0"/>
      <line num="336" count="2" type="stmt"/>
      <line num="338" count="5" type="cond" truecount="6" falsecount="0"/>
      <line num="339" count="2" type="stmt"/>
      <line num="341" count="3" type="stmt"/>
      <line num="342" count="3" type="stmt"/>
      <line num="343" count="3" type="stmt"/>
      <line num="344" count="3" type="stmt"/>
      <line num="345" count="3" type="stmt"/>
      <line num="346" count="3" type="stmt"/>
      <line num="347" count="3" type="stmt"/>
      <line num="348" count="3" type="stmt"/>
      <line num="349" count="3" type="stmt"/>
      <line num="350" count="3" type="stmt"/>
      <line num="356" count="502" type="stmt"/>
      <line num="359" count="5" type="cond" truecount="4" falsecount="0"/>
      <line num="360" count="2" type="stmt"/>
      <line num="362" count="3" type="stmt"/>
      <line num="363" count="3" type="stmt"/>
      <line num="364" count="3" type="stmt"/>
      <line num="365" count="3" type="stmt"/>
      <line num="366" count="3" type="stmt"/>
      <line num="373" count="502" type="stmt"/>
      <line num="376" count="5" type="cond" truecount="4" falsecount="0"/>
      <line num="377" count="2" type="stmt"/>
      <line num="379" count="3" type="stmt"/>
      <line num="380" count="3" type="stmt"/>
      <line num="381" count="3" type="stmt"/>
      <line num="382" count="3" type="stmt"/>
      <line num="383" count="3" type="stmt"/>
      <line num="389" count="499" type="stmt"/>
      <line num="392" count="5" type="cond" truecount="4" falsecount="0"/>
      <line num="393" count="2" type="stmt"/>
      <line num="395" count="3" type="stmt"/>
      <line num="396" count="3" type="stmt"/>
      <line num="397" count="3" type="stmt"/>
      <line num="398" count="3" type="stmt"/>
      <line num="399" count="3" type="stmt"/>
      <line num="405" count="130" type="stmt"/>
      <line num="408" count="5" type="cond" truecount="4" falsecount="0"/>
      <line num="409" count="2" type="stmt"/>
      <line num="411" count="3" type="stmt"/>
      <line num="412" count="3" type="stmt"/>
      <line num="413" count="3" type="stmt"/>
      <line num="414" count="3" type="stmt"/>
      <line num="415" count="3" type="stmt"/>
      <line num="421" count="107" type="stmt"/>
      <line num="424" count="5" type="cond" truecount="4" falsecount="0"/>
      <line num="425" count="2" type="stmt"/>
      <line num="427" count="3" type="stmt"/>
      <line num="428" count="3" type="stmt"/>
      <line num="429" count="3" type="stmt"/>
      <line num="430" count="3" type="stmt"/>
      <line num="431" count="3" type="stmt"/>
      <line num="437" count="111" type="stmt"/>
      <line num="440" count="5" type="cond" truecount="4" falsecount="0"/>
      <line num="441" count="2" type="stmt"/>
      <line num="443" count="3" type="stmt"/>
      <line num="444" count="3" type="stmt"/>
      <line num="445" count="3" type="stmt"/>
      <line num="446" count="3" type="stmt"/>
      <line num="447" count="3" type="stmt"/>
      <line num="453" count="78" type="stmt"/>
      <line num="456" count="3" type="cond" truecount="4" falsecount="0"/>
      <line num="457" count="2" type="stmt"/>
      <line num="459" count="1" type="stmt"/>
      <line num="460" count="1" type="stmt"/>
      <line num="461" count="1" type="stmt"/>
      <line num="462" count="1" type="stmt"/>
      <line num="463" count="1" type="stmt"/>
      <line num="469" count="78" type="stmt"/>
      <line num="472" count="3" type="cond" truecount="4" falsecount="0"/>
      <line num="473" count="2" type="stmt"/>
      <line num="475" count="1" type="stmt"/>
      <line num="476" count="1" type="stmt"/>
      <line num="477" count="1" type="stmt"/>
      <line num="478" count="1" type="stmt"/>
      <line num="479" count="1" type="stmt"/>
      <line num="485" count="78" type="stmt"/>
      <line num="488" count="3" type="cond" truecount="4" falsecount="0"/>
      <line num="489" count="2" type="stmt"/>
      <line num="491" count="1" type="stmt"/>
      <line num="492" count="1" type="stmt"/>
      <line num="493" count="1" type="stmt"/>
      <line num="494" count="1" type="stmt"/>
      <line num="495" count="1" type="stmt"/>
      <line num="501" count="100" type="stmt"/>
      <line num="504" count="3" type="cond" truecount="4" falsecount="0"/>
      <line num="505" count="2" type="stmt"/>
      <line num="507" count="1" type="stmt"/>
      <line num="508" count="1" type="stmt"/>
      <line num="509" count="1" type="stmt"/>
      <line num="510" count="1" type="stmt"/>
      <line num="511" count="1" type="stmt"/>
      <line num="517" count="100" type="stmt"/>
      <line num="520" count="3" type="cond" truecount="4" falsecount="0"/>
      <line num="521" count="2" type="stmt"/>
      <line num="523" count="1" type="stmt"/>
      <line num="524" count="1" type="stmt"/>
      <line num="525" count="1" type="stmt"/>
      <line num="526" count="1" type="stmt"/>
      <line num="527" count="1" type="stmt"/>
      <line num="533" count="79" type="stmt"/>
      <line num="536" count="3" type="cond" truecount="4" falsecount="0"/>
      <line num="537" count="2" type="stmt"/>
      <line num="539" count="1" type="stmt"/>
      <line num="540" count="1" type="stmt"/>
      <line num="541" count="1" type="stmt"/>
      <line num="542" count="1" type="stmt"/>
      <line num="543" count="1" type="stmt"/>
      <line num="549" count="79" type="stmt"/>
      <line num="552" count="3" type="cond" truecount="4" falsecount="0"/>
      <line num="553" count="2" type="stmt"/>
      <line num="555" count="1" type="stmt"/>
      <line num="556" count="1" type="stmt"/>
      <line num="557" count="1" type="stmt"/>
      <line num="558" count="1" type="stmt"/>
      <line num="559" count="1" type="stmt"/>
      <line num="565" count="519" type="stmt"/>
      <line num="568" count="4" type="cond" truecount="4" falsecount="0"/>
      <line num="569" count="2" type="stmt"/>
      <line num="571" count="2" type="stmt"/>
      <line num="578" count="56" type="stmt"/>
      <line num="600" count="8" type="stmt"/>
      <line num="607" count="8" type="stmt"/>
      <line num="612" count="1259" type="stmt"/>
      <line num="613" count="1259" type="stmt"/>
      <line num="614" count="1259" type="stmt"/>
      <line num="616" count="1259" type="cond" truecount="2" falsecount="0"/>
      <line num="617" count="428" type="stmt"/>
      <line num="618" count="831" type="cond" truecount="2" falsecount="0"/>
      <line num="619" count="402" type="stmt"/>
      <line num="620" count="429" type="cond" truecount="2" falsecount="0"/>
      <line num="621" count="88" type="stmt"/>
      <line num="622" count="341" type="cond" truecount="1" falsecount="1"/>
      <line num="623" count="341" type="stmt"/>
      <line num="627" count="1259" type="cond" truecount="2" falsecount="0"/>
      <line num="630" count="1259" type="cond" truecount="2" falsecount="0"/>
      <line num="631" count="210" type="stmt"/>
      <line num="633" count="1049" type="stmt"/>
      <line num="636" count="1259" type="stmt"/>
      <line num="641" count="275" type="stmt"/>
      <line num="642" count="275" type="stmt"/>
      <line num="643" count="275" type="stmt"/>
      <line num="644" count="275" type="cond" truecount="4" falsecount="0"/>
      <line num="645" count="4" type="stmt"/>
      <line num="646" count="4" type="stmt"/>
      <line num="647" count="4" type="stmt"/>
      <line num="648" count="271" type="cond" truecount="4" falsecount="0"/>
      <line num="649" count="4" type="stmt"/>
      <line num="650" count="4" type="stmt"/>
      <line num="651" count="4" type="stmt"/>
      <line num="652" count="267" type="cond" truecount="4" falsecount="0"/>
      <line num="653" count="128" type="stmt"/>
      <line num="654" count="128" type="stmt"/>
      <line num="655" count="128" type="stmt"/>
      <line num="656" count="139" type="cond" truecount="4" falsecount="0"/>
      <line num="657" count="132" type="stmt"/>
      <line num="658" count="132" type="stmt"/>
      <line num="659" count="132" type="stmt"/>
      <line num="660" count="7" type="cond" truecount="4" falsecount="0"/>
      <line num="661" count="2" type="stmt"/>
      <line num="662" count="2" type="stmt"/>
      <line num="663" count="2" type="stmt"/>
      <line num="664" count="5" type="cond" truecount="3" falsecount="1"/>
      <line num="665" count="5" type="stmt"/>
      <line num="666" count="5" type="stmt"/>
      <line num="667" count="5" type="stmt"/>
      <line num="671" count="133" type="stmt"/>
      <line num="672" count="133" type="stmt"/>
      <line num="673" count="133" type="stmt"/>
      <line num="678" count="23" type="stmt"/>
      <line num="679" count="23" type="stmt"/>
      <line num="680" count="23" type="stmt"/>
      <line num="681" count="23" type="cond" truecount="4" falsecount="0"/>
      <line num="682" count="5" type="stmt"/>
      <line num="683" count="5" type="stmt"/>
      <line num="684" count="5" type="stmt"/>
      <line num="685" count="18" type="cond" truecount="4" falsecount="0"/>
      <line num="686" count="1" type="stmt"/>
      <line num="687" count="1" type="stmt"/>
      <line num="688" count="1" type="stmt"/>
      <line num="689" count="17" type="cond" truecount="4" falsecount="0"/>
      <line num="690" count="3" type="stmt"/>
      <line num="691" count="3" type="stmt"/>
      <line num="692" count="3" type="stmt"/>
      <line num="693" count="14" type="cond" truecount="4" falsecount="0"/>
      <line num="694" count="3" type="stmt"/>
      <line num="695" count="3" type="stmt"/>
      <line num="696" count="3" type="stmt"/>
      <line num="697" count="11" type="cond" truecount="4" falsecount="0"/>
      <line num="698" count="6" type="stmt"/>
      <line num="699" count="6" type="stmt"/>
      <line num="700" count="6" type="stmt"/>
      <line num="701" count="5" type="cond" truecount="3" falsecount="1"/>
      <line num="702" count="5" type="stmt"/>
      <line num="703" count="5" type="stmt"/>
      <line num="704" count="5" type="stmt"/>
      <line num="708" count="5" type="stmt"/>
      <line num="709" count="5" type="stmt"/>
      <line num="713" count="1529" type="stmt"/>
      <line num="714" count="1529" type="stmt"/>
      <line num="717" count="1401" type="stmt"/>
      <line num="718" count="1401" type="stmt"/>
      <line num="719" count="1401" type="stmt"/>
      <line num="720" count="1401" type="stmt"/>
      <line num="721" count="1401" type="stmt"/>
      <line num="724" count="1511" type="stmt"/>
      <line num="725" count="1511" type="stmt"/>
      <line num="726" count="1511" type="stmt"/>
      <line num="727" count="1511" type="stmt"/>
      <line num="728" count="1511" type="stmt"/>
      <line num="729" count="1511" type="stmt"/>
      <line num="730" count="1511" type="stmt"/>
      <line num="731" count="1511" type="cond" truecount="2" falsecount="0"/>
      <line num="732" count="430" type="stmt"/>
      <line num="735" count="1081" type="stmt"/>
      <line num="740" count="5703" type="stmt"/>
      <line num="744" count="16186" type="stmt"/>
      <line num="760" count="1" type="stmt"/>
      <line num="761" count="1" type="stmt"/>
      <line num="762" count="1" type="stmt"/>
      <line num="763" count="1" type="stmt"/>
      <line num="764" count="1" type="stmt"/>
      <line num="774" count="16" type="stmt"/>
      <line num="775" count="16" type="stmt"/>
      <line num="776" count="16" type="cond" truecount="2" falsecount="0"/>
      <line num="777" count="16" type="stmt"/>
      <line num="786" count="3" type="stmt"/>
      <line num="787" count="3" type="stmt"/>
      <line num="798" count="52" type="stmt"/>
      <line num="799" count="52" type="stmt"/>
      <line num="800" count="52" type="cond" truecount="2" falsecount="0"/>
      <line num="801" count="7" type="stmt"/>
      <line num="803" count="45" type="stmt"/>
      <line num="812" count="3" type="stmt"/>
      <line num="813" count="3" type="stmt"/>
      <line num="815" count="3" type="stmt"/>
      <line num="816" count="3" type="stmt"/>
      <line num="817" count="3" type="stmt"/>
      <line num="818" count="3" type="stmt"/>
      <line num="820" count="3" type="stmt"/>
      <line num="821" count="3" type="stmt"/>
      <line num="823" count="3" type="stmt"/>
      <line num="833" count="3" type="stmt"/>
      <line num="834" count="3" type="stmt"/>
      <line num="835" count="3" type="stmt"/>
      <line num="838" count="3" type="stmt"/>
      <line num="839" count="3" type="stmt"/>
      <line num="842" count="3" type="stmt"/>
      <line num="843" count="3" type="stmt"/>
      <line num="845" count="3" type="stmt"/>
      <line num="854" count="114" type="stmt"/>
      <line num="855" count="114" type="stmt"/>
      <line num="857" count="114" type="stmt"/>
      <line num="858" count="342" type="stmt"/>
      <line num="859" count="342" type="cond" truecount="2" falsecount="0"/>
      <line num="861" count="114" type="stmt"/>
      <line num="879" count="51" type="stmt"/>
      <line num="880" count="51" type="stmt"/>
      <line num="882" count="51" type="cond" truecount="1" falsecount="1"/>
      <line num="883" count="51" type="stmt"/>
      <line num="885" count="51" type="stmt"/>
      <line num="900" count="23" type="stmt"/>
      <line num="914" count="23" type="stmt"/>
      <line num="928" count="4" type="stmt"/>
      <line num="942" count="1" type="stmt"/>
      <line num="957" count="1" type="stmt"/>
      <line num="972" count="1" type="stmt"/>
      <line num="987" count="1" type="stmt"/>
      <line num="1002" count="1" type="stmt"/>
      <line num="1017" count="1" type="stmt"/>
      <line num="1032" count="2" type="stmt"/>
      <line num="1047" count="3" type="stmt"/>
      <line num="1062" count="1" type="stmt"/>
      <line num="1077" count="2" type="stmt"/>
      <line num="1092" count="1" type="stmt"/>
      <line num="1107" count="1" type="stmt"/>
      <line num="1124" count="16" type="stmt"/>
      <line num="1130" count="16" type="stmt"/>
      <line num="1136" count="16" type="stmt"/>
      <line num="1149" count="16" type="stmt"/>
      <line num="1162" count="16" type="stmt"/>
      <line num="1175" count="16" type="stmt"/>
      <line num="1186" count="16" type="stmt"/>
      <line num="1187" count="16" type="stmt"/>
      <line num="1188" count="16" type="stmt"/>
      <line num="1189" count="16" type="stmt"/>
      <line num="1203" count="48" type="stmt"/>
      <line num="1204" count="48" type="stmt"/>
      <line num="1215" count="64" type="stmt"/>
      <line num="1219" count="3" type="stmt"/>
      <line num="1223" count="6" type="stmt"/>
      <line num="1227" count="6" type="stmt"/>
      <line num="1231" count="3" type="cond" truecount="2" falsecount="0"/>
      <line num="1232" count="1" type="stmt"/>
      <line num="1234" count="2" type="stmt"/>
      <line num="1239" count="3" type="stmt"/>
      <line num="1243" count="3" type="stmt"/>
      <line num="1247" count="6" type="cond" truecount="2" falsecount="0"/>
      <line num="1248" count="1" type="stmt"/>
      <line num="1250" count="5" type="cond" truecount="2" falsecount="0"/>
      <line num="1251" count="3" type="stmt"/>
      <line num="1253" count="2" type="stmt"/>
      <line num="1257" count="9" type="cond" truecount="2" falsecount="0"/>
      <line num="1258" count="3" type="stmt"/>
      <line num="1259" count="6" type="cond" truecount="2" falsecount="0"/>
      <line num="1260" count="3" type="stmt"/>
      <line num="1262" count="3" type="stmt"/>
      <line num="1267" count="3" type="cond" truecount="2" falsecount="0"/>
      <line num="1268" count="2" type="stmt"/>
      <line num="1270" count="1" type="stmt"/>
      <line num="1275" count="6" type="cond" truecount="2" falsecount="0"/>
      <line num="1276" count="2" type="stmt"/>
      <line num="1278" count="4" type="stmt"/>
      <line num="1279" count="4" type="cond" truecount="2" falsecount="0"/>
      <line num="1280" count="3" type="stmt"/>
      <line num="1282" count="1" type="stmt"/>
      <line num="1284" count="4" type="stmt"/>
      <line num="1289" count="3" type="stmt"/>
      <line num="1293" count="3" type="stmt"/>
      <line num="1310" count="1" type="stmt"/>
      <line num="1320" count="1" type="stmt"/>
      <line num="1330" count="1" type="stmt"/>
      <line num="1339" count="1" type="stmt"/>
      <line num="1340" count="1" type="stmt"/>
      <line num="1341" count="1" type="stmt"/>
      <line num="1342" count="1" type="stmt"/>
      <line num="1351" count="1" type="stmt"/>
      <line num="1352" count="1" type="stmt"/>
      <line num="1361" count="1" type="stmt"/>
      <line num="1362" count="1" type="stmt"/>
      <line num="1363" count="1" type="stmt"/>
      <line num="1364" count="1" type="stmt"/>
      <line num="1365" count="1" type="stmt"/>
      <line num="1374" count="1" type="stmt"/>
      <line num="1375" count="1" type="stmt"/>
      <line num="1376" count="1" type="stmt"/>
      <line num="1385" count="1" type="stmt"/>
      <line num="1386" count="1" type="stmt"/>
      <line num="1387" count="1" type="stmt"/>
      <line num="1388" count="1" type="stmt"/>
      <line num="1389" count="1" type="stmt"/>
      <line num="1398" count="1" type="stmt"/>
      <line num="1399" count="1" type="stmt"/>
      <line num="1400" count="1" type="stmt"/>
      <line num="1401" count="1" type="stmt"/>
      <line num="1410" count="1" type="stmt"/>
      <line num="1411" count="1" type="stmt"/>
      <line num="1412" count="10" type="stmt"/>
      <line num="1413" count="10" type="stmt"/>
      <line num="1414" count="10" type="stmt"/>
      <line num="1415" count="10" type="stmt"/>
      <line num="1416" count="10" type="stmt"/>
      <line num="1418" count="1" type="stmt"/>
      <line num="1429" count="3" type="stmt"/>
      <line num="1430" count="3" type="stmt"/>
      <line num="1431" count="9" type="stmt"/>
      <line num="1432" count="9" type="stmt"/>
      <line num="1433" count="9" type="stmt"/>
      <line num="1435" count="3" type="stmt"/>
      <line num="1454" count="43" type="stmt"/>
      <line num="1456" count="43" type="cond" truecount="4" falsecount="0"/>
      <line num="1457" count="4" type="stmt"/>
      <line num="1459" count="39" type="cond" truecount="2" falsecount="0"/>
      <line num="1460" count="4" type="stmt"/>
      <line num="1463" count="35" type="cond" truecount="2" falsecount="0"/>
      <line num="1464" count="4" type="stmt"/>
      <line num="1466" count="31" type="stmt"/>
      <line num="1479" count="4" type="stmt"/>
      <line num="1480" count="4" type="cond" truecount="2" falsecount="0"/>
      <line num="1481" count="1" type="stmt"/>
      <line num="1482" count="2" type="stmt"/>
      <line num="1483" count="2" type="stmt"/>
      <line num="1486" count="3" type="stmt"/>
      <line num="1487" count="17" type="stmt"/>
      <line num="1488" count="17" type="stmt"/>
      <line num="1491" count="4" type="stmt"/>
      <line num="1495" count="5" type="stmt"/>
    </file>
  </project>
</coverage>
