{"/Users/tsaruggan/Desktop/matisse/index.js": {"path":"/Users/tsaruggan/Desktop/matisse/index.js","statementMap":{"0":{"start":{"line":3,"column":20},"end":{"line":3,"column":43}},"1":{"start":{"line":4,"column":13},"end":{"line":4,"column":30}},"2":{"start":{"line":11,"column":11},"end":{"line":11,"column":12}},"3":{"start":{"line":12,"column":13},"end":{"line":12,"column":14}},"4":{"start":{"line":13,"column":12},"end":{"line":13,"column":13}},"5":{"start":{"line":14,"column":11},"end":{"line":14,"column":12}},"6":{"start":{"line":15,"column":19},"end":{"line":15,"column":20}},"7":{"start":{"line":16,"column":13},"end":{"line":16,"column":14}},"8":{"start":{"line":17,"column":12},"end":{"line":17,"column":13}},"9":{"start":{"line":18,"column":15},"end":{"line":18,"column":16}},"10":{"start":{"line":19,"column":14},"end":{"line":19,"column":15}},"11":{"start":{"line":20,"column":19},"end":{"line":20,"column":20}},"12":{"start":{"line":21,"column":13},"end":{"line":21,"column":14}},"13":{"start":{"line":22,"column":13},"end":{"line":22,"column":14}},"14":{"start":{"line":23,"column":13},"end":{"line":23,"column":14}},"15":{"start":{"line":24,"column":13},"end":{"line":24,"column":14}},"16":{"start":{"line":30,"column":26},"end":{"line":30,"column":37}},"17":{"start":{"line":36,"column":26},"end":{"line":36,"column":35}},"18":{"start":{"line":42,"column":28},"end":{"line":42,"column":39}},"19":{"start":{"line":48,"column":28},"end":{"line":48,"column":37}},"20":{"start":{"line":54,"column":27},"end":{"line":54,"column":38}},"21":{"start":{"line":60,"column":27},"end":{"line":60,"column":36}},"22":{"start":{"line":66,"column":26},"end":{"line":66,"column":37}},"23":{"start":{"line":72,"column":26},"end":{"line":72,"column":35}},"24":{"start":{"line":78,"column":34},"end":{"line":78,"column":46}},"25":{"start":{"line":84,"column":34},"end":{"line":84,"column":46}},"26":{"start":{"line":90,"column":28},"end":{"line":90,"column":40}},"27":{"start":{"line":96,"column":28},"end":{"line":96,"column":40}},"28":{"start":{"line":102,"column":27},"end":{"line":102,"column":39}},"29":{"start":{"line":108,"column":27},"end":{"line":108,"column":39}},"30":{"start":{"line":114,"column":30},"end":{"line":114,"column":42}},"31":{"start":{"line":120,"column":30},"end":{"line":120,"column":42}},"32":{"start":{"line":126,"column":29},"end":{"line":126,"column":41}},"33":{"start":{"line":132,"column":29},"end":{"line":132,"column":41}},"34":{"start":{"line":138,"column":34},"end":{"line":138,"column":46}},"35":{"start":{"line":144,"column":34},"end":{"line":144,"column":46}},"36":{"start":{"line":150,"column":28},"end":{"line":150,"column":40}},"37":{"start":{"line":156,"column":28},"end":{"line":156,"column":40}},"38":{"start":{"line":162,"column":28},"end":{"line":162,"column":40}},"39":{"start":{"line":168,"column":28},"end":{"line":168,"column":40}},"40":{"start":{"line":174,"column":28},"end":{"line":174,"column":40}},"41":{"start":{"line":180,"column":28},"end":{"line":180,"column":40}},"42":{"start":{"line":186,"column":28},"end":{"line":186,"column":40}},"43":{"start":{"line":192,"column":28},"end":{"line":192,"column":40}},"44":{"start":{"line":201,"column":8},"end":{"line":215,"column":9}},"45":{"start":{"line":202,"column":12},"end":{"line":214,"column":13}},"46":{"start":{"line":203,"column":41},"end":{"line":203,"column":70}},"47":{"start":{"line":204,"column":16},"end":{"line":211,"column":17}},"48":{"start":{"line":206,"column":24},"end":{"line":206,"column":82}},"49":{"start":{"line":208,"column":24},"end":{"line":208,"column":94}},"50":{"start":{"line":210,"column":24},"end":{"line":210,"column":94}},"51":{"start":{"line":213,"column":16},"end":{"line":213,"column":131}},"52":{"start":{"line":227,"column":8},"end":{"line":231,"column":9}},"53":{"start":{"line":228,"column":12},"end":{"line":228,"column":155}},"54":{"start":{"line":229,"column":15},"end":{"line":231,"column":9}},"55":{"start":{"line":230,"column":12},"end":{"line":230,"column":155}},"56":{"start":{"line":232,"column":21},"end":{"line":232,"column":33}},"57":{"start":{"line":233,"column":8},"end":{"line":233,"column":42}},"58":{"start":{"line":234,"column":8},"end":{"line":234,"column":46}},"59":{"start":{"line":235,"column":8},"end":{"line":235,"column":44}},"60":{"start":{"line":236,"column":8},"end":{"line":236,"column":48}},"61":{"start":{"line":237,"column":8},"end":{"line":237,"column":28}},"62":{"start":{"line":238,"column":8},"end":{"line":238,"column":28}},"63":{"start":{"line":239,"column":8},"end":{"line":239,"column":29}},"64":{"start":{"line":240,"column":8},"end":{"line":240,"column":28}},"65":{"start":{"line":241,"column":8},"end":{"line":241,"column":22}},"66":{"start":{"line":253,"column":8},"end":{"line":257,"column":9}},"67":{"start":{"line":254,"column":12},"end":{"line":254,"column":158}},"68":{"start":{"line":255,"column":15},"end":{"line":257,"column":9}},"69":{"start":{"line":256,"column":12},"end":{"line":256,"column":158}},"70":{"start":{"line":258,"column":21},"end":{"line":258,"column":33}},"71":{"start":{"line":259,"column":8},"end":{"line":259,"column":42}},"72":{"start":{"line":260,"column":8},"end":{"line":260,"column":60}},"73":{"start":{"line":261,"column":8},"end":{"line":261,"column":48}},"74":{"start":{"line":262,"column":8},"end":{"line":262,"column":48}},"75":{"start":{"line":263,"column":8},"end":{"line":263,"column":32}},"76":{"start":{"line":264,"column":8},"end":{"line":264,"column":29}},"77":{"start":{"line":265,"column":8},"end":{"line":265,"column":28}},"78":{"start":{"line":266,"column":8},"end":{"line":266,"column":28}},"79":{"start":{"line":267,"column":8},"end":{"line":267,"column":22}},"80":{"start":{"line":280,"column":8},"end":{"line":285,"column":9}},"81":{"start":{"line":281,"column":12},"end":{"line":281,"column":168}},"82":{"start":{"line":283,"column":13},"end":{"line":285,"column":9}},"83":{"start":{"line":284,"column":12},"end":{"line":284,"column":168}},"84":{"start":{"line":286,"column":21},"end":{"line":286,"column":33}},"85":{"start":{"line":287,"column":8},"end":{"line":287,"column":46}},"86":{"start":{"line":288,"column":8},"end":{"line":288,"column":52}},"87":{"start":{"line":289,"column":8},"end":{"line":289,"column":50}},"88":{"start":{"line":290,"column":8},"end":{"line":290,"column":48}},"89":{"start":{"line":291,"column":8},"end":{"line":291,"column":48}},"90":{"start":{"line":292,"column":8},"end":{"line":292,"column":33}},"91":{"start":{"line":293,"column":8},"end":{"line":293,"column":28}},"92":{"start":{"line":294,"column":8},"end":{"line":294,"column":28}},"93":{"start":{"line":295,"column":8},"end":{"line":295,"column":28}},"94":{"start":{"line":296,"column":8},"end":{"line":296,"column":22}},"95":{"start":{"line":308,"column":8},"end":{"line":313,"column":9}},"96":{"start":{"line":309,"column":12},"end":{"line":309,"column":158}},"97":{"start":{"line":311,"column":13},"end":{"line":313,"column":9}},"98":{"start":{"line":312,"column":12},"end":{"line":312,"column":158}},"99":{"start":{"line":314,"column":21},"end":{"line":314,"column":33}},"100":{"start":{"line":315,"column":8},"end":{"line":315,"column":42}},"101":{"start":{"line":316,"column":8},"end":{"line":316,"column":60}},"102":{"start":{"line":317,"column":8},"end":{"line":317,"column":48}},"103":{"start":{"line":318,"column":8},"end":{"line":318,"column":48}},"104":{"start":{"line":319,"column":8},"end":{"line":319,"column":32}},"105":{"start":{"line":320,"column":8},"end":{"line":320,"column":29}},"106":{"start":{"line":321,"column":8},"end":{"line":321,"column":28}},"107":{"start":{"line":322,"column":8},"end":{"line":322,"column":28}},"108":{"start":{"line":323,"column":8},"end":{"line":323,"column":22}},"109":{"start":{"line":335,"column":8},"end":{"line":340,"column":9}},"110":{"start":{"line":336,"column":12},"end":{"line":336,"column":152}},"111":{"start":{"line":338,"column":13},"end":{"line":340,"column":9}},"112":{"start":{"line":339,"column":12},"end":{"line":339,"column":152}},"113":{"start":{"line":341,"column":21},"end":{"line":341,"column":33}},"114":{"start":{"line":342,"column":8},"end":{"line":342,"column":42}},"115":{"start":{"line":343,"column":8},"end":{"line":343,"column":48}},"116":{"start":{"line":344,"column":8},"end":{"line":344,"column":48}},"117":{"start":{"line":345,"column":8},"end":{"line":345,"column":48}},"118":{"start":{"line":346,"column":8},"end":{"line":346,"column":32}},"119":{"start":{"line":347,"column":8},"end":{"line":347,"column":32}},"120":{"start":{"line":348,"column":8},"end":{"line":348,"column":29}},"121":{"start":{"line":349,"column":8},"end":{"line":349,"column":28}},"122":{"start":{"line":350,"column":8},"end":{"line":350,"column":22}},"123":{"start":{"line":356,"column":16},"end":{"line":356,"column":33}},"124":{"start":{"line":359,"column":8},"end":{"line":361,"column":9}},"125":{"start":{"line":360,"column":12},"end":{"line":360,"column":107}},"126":{"start":{"line":362,"column":8},"end":{"line":362,"column":45}},"127":{"start":{"line":363,"column":8},"end":{"line":363,"column":26}},"128":{"start":{"line":364,"column":8},"end":{"line":364,"column":26}},"129":{"start":{"line":365,"column":8},"end":{"line":365,"column":27}},"130":{"start":{"line":366,"column":8},"end":{"line":366,"column":26}},"131":{"start":{"line":373,"column":18},"end":{"line":373,"column":37}},"132":{"start":{"line":376,"column":8},"end":{"line":378,"column":9}},"133":{"start":{"line":377,"column":12},"end":{"line":377,"column":108}},"134":{"start":{"line":379,"column":8},"end":{"line":379,"column":49}},"135":{"start":{"line":380,"column":8},"end":{"line":380,"column":26}},"136":{"start":{"line":381,"column":8},"end":{"line":381,"column":26}},"137":{"start":{"line":382,"column":8},"end":{"line":382,"column":27}},"138":{"start":{"line":383,"column":8},"end":{"line":383,"column":26}},"139":{"start":{"line":389,"column":17},"end":{"line":389,"column":35}},"140":{"start":{"line":392,"column":8},"end":{"line":394,"column":9}},"141":{"start":{"line":393,"column":12},"end":{"line":393,"column":109}},"142":{"start":{"line":395,"column":8},"end":{"line":395,"column":47}},"143":{"start":{"line":396,"column":8},"end":{"line":396,"column":26}},"144":{"start":{"line":397,"column":8},"end":{"line":397,"column":26}},"145":{"start":{"line":398,"column":8},"end":{"line":398,"column":27}},"146":{"start":{"line":399,"column":8},"end":{"line":399,"column":26}},"147":{"start":{"line":405,"column":16},"end":{"line":405,"column":33}},"148":{"start":{"line":408,"column":8},"end":{"line":410,"column":9}},"149":{"start":{"line":409,"column":12},"end":{"line":409,"column":107}},"150":{"start":{"line":411,"column":8},"end":{"line":411,"column":45}},"151":{"start":{"line":412,"column":8},"end":{"line":412,"column":30}},"152":{"start":{"line":413,"column":8},"end":{"line":413,"column":27}},"153":{"start":{"line":414,"column":8},"end":{"line":414,"column":26}},"154":{"start":{"line":415,"column":8},"end":{"line":415,"column":26}},"155":{"start":{"line":421,"column":24},"end":{"line":421,"column":49}},"156":{"start":{"line":424,"column":8},"end":{"line":426,"column":9}},"157":{"start":{"line":425,"column":12},"end":{"line":425,"column":113}},"158":{"start":{"line":427,"column":8},"end":{"line":427,"column":63}},"159":{"start":{"line":428,"column":8},"end":{"line":428,"column":30}},"160":{"start":{"line":429,"column":8},"end":{"line":429,"column":27}},"161":{"start":{"line":430,"column":8},"end":{"line":430,"column":26}},"162":{"start":{"line":431,"column":8},"end":{"line":431,"column":26}},"163":{"start":{"line":437,"column":18},"end":{"line":437,"column":37}},"164":{"start":{"line":440,"column":8},"end":{"line":442,"column":9}},"165":{"start":{"line":441,"column":12},"end":{"line":441,"column":107}},"166":{"start":{"line":443,"column":8},"end":{"line":443,"column":51}},"167":{"start":{"line":444,"column":8},"end":{"line":444,"column":30}},"168":{"start":{"line":445,"column":8},"end":{"line":445,"column":27}},"169":{"start":{"line":446,"column":8},"end":{"line":446,"column":26}},"170":{"start":{"line":447,"column":8},"end":{"line":447,"column":26}},"171":{"start":{"line":453,"column":17},"end":{"line":453,"column":35}},"172":{"start":{"line":456,"column":8},"end":{"line":458,"column":9}},"173":{"start":{"line":457,"column":12},"end":{"line":457,"column":106}},"174":{"start":{"line":459,"column":8},"end":{"line":459,"column":49}},"175":{"start":{"line":460,"column":8},"end":{"line":460,"column":31}},"176":{"start":{"line":461,"column":8},"end":{"line":461,"column":26}},"177":{"start":{"line":462,"column":8},"end":{"line":462,"column":26}},"178":{"start":{"line":463,"column":8},"end":{"line":463,"column":26}},"179":{"start":{"line":469,"column":20},"end":{"line":469,"column":41}},"180":{"start":{"line":472,"column":8},"end":{"line":474,"column":9}},"181":{"start":{"line":473,"column":12},"end":{"line":473,"column":109}},"182":{"start":{"line":475,"column":8},"end":{"line":475,"column":55}},"183":{"start":{"line":476,"column":8},"end":{"line":476,"column":31}},"184":{"start":{"line":477,"column":8},"end":{"line":477,"column":26}},"185":{"start":{"line":478,"column":8},"end":{"line":478,"column":26}},"186":{"start":{"line":479,"column":8},"end":{"line":479,"column":26}},"187":{"start":{"line":485,"column":19},"end":{"line":485,"column":39}},"188":{"start":{"line":488,"column":8},"end":{"line":490,"column":9}},"189":{"start":{"line":489,"column":12},"end":{"line":489,"column":108}},"190":{"start":{"line":491,"column":8},"end":{"line":491,"column":53}},"191":{"start":{"line":492,"column":8},"end":{"line":492,"column":31}},"192":{"start":{"line":493,"column":8},"end":{"line":493,"column":26}},"193":{"start":{"line":494,"column":8},"end":{"line":494,"column":26}},"194":{"start":{"line":495,"column":8},"end":{"line":495,"column":26}},"195":{"start":{"line":501,"column":24},"end":{"line":501,"column":49}},"196":{"start":{"line":504,"column":8},"end":{"line":506,"column":9}},"197":{"start":{"line":505,"column":12},"end":{"line":505,"column":113}},"198":{"start":{"line":507,"column":8},"end":{"line":507,"column":63}},"199":{"start":{"line":508,"column":8},"end":{"line":508,"column":30}},"200":{"start":{"line":509,"column":8},"end":{"line":509,"column":26}},"201":{"start":{"line":510,"column":8},"end":{"line":510,"column":27}},"202":{"start":{"line":511,"column":8},"end":{"line":511,"column":26}},"203":{"start":{"line":517,"column":18},"end":{"line":517,"column":37}},"204":{"start":{"line":520,"column":8},"end":{"line":522,"column":9}},"205":{"start":{"line":521,"column":12},"end":{"line":521,"column":107}},"206":{"start":{"line":523,"column":8},"end":{"line":523,"column":51}},"207":{"start":{"line":524,"column":8},"end":{"line":524,"column":30}},"208":{"start":{"line":525,"column":8},"end":{"line":525,"column":26}},"209":{"start":{"line":526,"column":8},"end":{"line":526,"column":27}},"210":{"start":{"line":527,"column":8},"end":{"line":527,"column":26}},"211":{"start":{"line":533,"column":18},"end":{"line":533,"column":37}},"212":{"start":{"line":536,"column":8},"end":{"line":538,"column":9}},"213":{"start":{"line":537,"column":12},"end":{"line":537,"column":107}},"214":{"start":{"line":539,"column":8},"end":{"line":539,"column":51}},"215":{"start":{"line":540,"column":8},"end":{"line":540,"column":30}},"216":{"start":{"line":541,"column":8},"end":{"line":541,"column":30}},"217":{"start":{"line":542,"column":8},"end":{"line":542,"column":27}},"218":{"start":{"line":543,"column":8},"end":{"line":543,"column":26}},"219":{"start":{"line":549,"column":18},"end":{"line":549,"column":37}},"220":{"start":{"line":552,"column":8},"end":{"line":554,"column":9}},"221":{"start":{"line":553,"column":12},"end":{"line":553,"column":107}},"222":{"start":{"line":555,"column":8},"end":{"line":555,"column":51}},"223":{"start":{"line":556,"column":8},"end":{"line":556,"column":30}},"224":{"start":{"line":557,"column":8},"end":{"line":557,"column":30}},"225":{"start":{"line":558,"column":8},"end":{"line":558,"column":27}},"226":{"start":{"line":559,"column":8},"end":{"line":559,"column":26}},"227":{"start":{"line":565,"column":18},"end":{"line":565,"column":37}},"228":{"start":{"line":568,"column":8},"end":{"line":570,"column":9}},"229":{"start":{"line":569,"column":12},"end":{"line":569,"column":107}},"230":{"start":{"line":571,"column":8},"end":{"line":571,"column":51}},"231":{"start":{"line":578,"column":8},"end":{"line":593,"column":10}},"232":{"start":{"line":600,"column":8},"end":{"line":600,"column":71}},"233":{"start":{"line":607,"column":8},"end":{"line":607,"column":79}},"234":{"start":{"line":612,"column":19},"end":{"line":612,"column":69}},"235":{"start":{"line":613,"column":19},"end":{"line":613,"column":69}},"236":{"start":{"line":614,"column":20},"end":{"line":614,"column":31}},"237":{"start":{"line":616,"column":8},"end":{"line":624,"column":9}},"238":{"start":{"line":617,"column":12},"end":{"line":617,"column":26}},"239":{"start":{"line":618,"column":15},"end":{"line":624,"column":9}},"240":{"start":{"line":619,"column":12},"end":{"line":619,"column":102}},"241":{"start":{"line":620,"column":15},"end":{"line":624,"column":9}},"242":{"start":{"line":621,"column":12},"end":{"line":621,"column":100}},"243":{"start":{"line":622,"column":15},"end":{"line":624,"column":9}},"244":{"start":{"line":623,"column":12},"end":{"line":623,"column":101}},"245":{"start":{"line":627,"column":8},"end":{"line":627,"column":48}},"246":{"start":{"line":627,"column":29},"end":{"line":627,"column":46}},"247":{"start":{"line":630,"column":8},"end":{"line":634,"column":9}},"248":{"start":{"line":631,"column":12},"end":{"line":631,"column":34}},"249":{"start":{"line":633,"column":12},"end":{"line":633,"column":65}},"250":{"start":{"line":636,"column":8},"end":{"line":636,"column":47}},"251":{"start":{"line":641,"column":16},"end":{"line":641,"column":47}},"252":{"start":{"line":642,"column":16},"end":{"line":642,"column":60}},"253":{"start":{"line":643,"column":16},"end":{"line":643,"column":31}},"254":{"start":{"line":644,"column":8},"end":{"line":668,"column":9}},"255":{"start":{"line":645,"column":12},"end":{"line":645,"column":56}},"256":{"start":{"line":646,"column":12},"end":{"line":646,"column":58}},"257":{"start":{"line":647,"column":12},"end":{"line":647,"column":57}},"258":{"start":{"line":648,"column":15},"end":{"line":668,"column":9}},"259":{"start":{"line":649,"column":12},"end":{"line":649,"column":56}},"260":{"start":{"line":650,"column":12},"end":{"line":650,"column":58}},"261":{"start":{"line":651,"column":12},"end":{"line":651,"column":57}},"262":{"start":{"line":652,"column":15},"end":{"line":668,"column":9}},"263":{"start":{"line":653,"column":12},"end":{"line":653,"column":56}},"264":{"start":{"line":654,"column":12},"end":{"line":654,"column":58}},"265":{"start":{"line":655,"column":12},"end":{"line":655,"column":57}},"266":{"start":{"line":656,"column":15},"end":{"line":668,"column":9}},"267":{"start":{"line":657,"column":12},"end":{"line":657,"column":56}},"268":{"start":{"line":658,"column":12},"end":{"line":658,"column":58}},"269":{"start":{"line":659,"column":12},"end":{"line":659,"column":57}},"270":{"start":{"line":660,"column":15},"end":{"line":668,"column":9}},"271":{"start":{"line":661,"column":12},"end":{"line":661,"column":56}},"272":{"start":{"line":662,"column":12},"end":{"line":662,"column":58}},"273":{"start":{"line":663,"column":12},"end":{"line":663,"column":57}},"274":{"start":{"line":664,"column":15},"end":{"line":668,"column":9}},"275":{"start":{"line":665,"column":12},"end":{"line":665,"column":56}},"276":{"start":{"line":666,"column":12},"end":{"line":666,"column":58}},"277":{"start":{"line":667,"column":12},"end":{"line":667,"column":57}},"278":{"start":{"line":671,"column":8},"end":{"line":671,"column":81}},"279":{"start":{"line":672,"column":8},"end":{"line":672,"column":86}},"280":{"start":{"line":673,"column":8},"end":{"line":673,"column":84}},"281":{"start":{"line":678,"column":16},"end":{"line":678,"column":71}},"282":{"start":{"line":679,"column":16},"end":{"line":679,"column":60}},"283":{"start":{"line":680,"column":16},"end":{"line":680,"column":35}},"284":{"start":{"line":681,"column":8},"end":{"line":705,"column":9}},"285":{"start":{"line":682,"column":12},"end":{"line":682,"column":56}},"286":{"start":{"line":683,"column":12},"end":{"line":683,"column":58}},"287":{"start":{"line":684,"column":12},"end":{"line":684,"column":57}},"288":{"start":{"line":685,"column":15},"end":{"line":705,"column":9}},"289":{"start":{"line":686,"column":12},"end":{"line":686,"column":56}},"290":{"start":{"line":687,"column":12},"end":{"line":687,"column":58}},"291":{"start":{"line":688,"column":12},"end":{"line":688,"column":57}},"292":{"start":{"line":689,"column":15},"end":{"line":705,"column":9}},"293":{"start":{"line":690,"column":12},"end":{"line":690,"column":56}},"294":{"start":{"line":691,"column":12},"end":{"line":691,"column":58}},"295":{"start":{"line":692,"column":12},"end":{"line":692,"column":57}},"296":{"start":{"line":693,"column":15},"end":{"line":705,"column":9}},"297":{"start":{"line":694,"column":12},"end":{"line":694,"column":56}},"298":{"start":{"line":695,"column":12},"end":{"line":695,"column":58}},"299":{"start":{"line":696,"column":12},"end":{"line":696,"column":57}},"300":{"start":{"line":697,"column":15},"end":{"line":705,"column":9}},"301":{"start":{"line":698,"column":12},"end":{"line":698,"column":56}},"302":{"start":{"line":699,"column":12},"end":{"line":699,"column":58}},"303":{"start":{"line":700,"column":12},"end":{"line":700,"column":57}},"304":{"start":{"line":701,"column":15},"end":{"line":705,"column":9}},"305":{"start":{"line":702,"column":12},"end":{"line":702,"column":56}},"306":{"start":{"line":703,"column":12},"end":{"line":703,"column":58}},"307":{"start":{"line":704,"column":12},"end":{"line":704,"column":57}},"308":{"start":{"line":708,"column":8},"end":{"line":708,"column":84}},"309":{"start":{"line":709,"column":8},"end":{"line":709,"column":58}},"310":{"start":{"line":713,"column":8},"end":{"line":713,"column":93}},"311":{"start":{"line":714,"column":8},"end":{"line":714,"column":97}},"312":{"start":{"line":717,"column":20},"end":{"line":717,"column":74}},"313":{"start":{"line":718,"column":8},"end":{"line":718,"column":48}},"314":{"start":{"line":719,"column":8},"end":{"line":719,"column":85}},"315":{"start":{"line":720,"column":8},"end":{"line":720,"column":90}},"316":{"start":{"line":721,"column":8},"end":{"line":721,"column":88}},"317":{"start":{"line":724,"column":16},"end":{"line":724,"column":31}},"318":{"start":{"line":725,"column":16},"end":{"line":725,"column":33}},"319":{"start":{"line":726,"column":16},"end":{"line":726,"column":32}},"320":{"start":{"line":727,"column":19},"end":{"line":727,"column":36}},"321":{"start":{"line":728,"column":19},"end":{"line":728,"column":36}},"322":{"start":{"line":729,"column":20},"end":{"line":729,"column":31}},"323":{"start":{"line":730,"column":8},"end":{"line":730,"column":60}},"324":{"start":{"line":731,"column":8},"end":{"line":736,"column":9}},"325":{"start":{"line":732,"column":12},"end":{"line":732,"column":37}},"326":{"start":{"line":735,"column":12},"end":{"line":735,"column":92}},"327":{"start":{"line":740,"column":8},"end":{"line":740,"column":31}},"328":{"start":{"line":744,"column":8},"end":{"line":744,"column":57}},"329":{"start":{"line":760,"column":18},"end":{"line":760,"column":34}},"330":{"start":{"line":761,"column":20},"end":{"line":761,"column":38}},"331":{"start":{"line":762,"column":19},"end":{"line":762,"column":36}},"332":{"start":{"line":763,"column":20},"end":{"line":763,"column":32}},"333":{"start":{"line":764,"column":8},"end":{"line":764,"column":51}},"334":{"start":{"line":774,"column":18},"end":{"line":774,"column":28}},"335":{"start":{"line":775,"column":8},"end":{"line":775,"column":36}},"336":{"start":{"line":776,"column":8},"end":{"line":776,"column":40}},"337":{"start":{"line":777,"column":8},"end":{"line":777,"column":79}},"338":{"start":{"line":786,"column":28},"end":{"line":786,"column":99}},"339":{"start":{"line":787,"column":8},"end":{"line":787,"column":85}},"340":{"start":{"line":798,"column":21},"end":{"line":798,"column":45}},"341":{"start":{"line":799,"column":21},"end":{"line":799,"column":45}},"342":{"start":{"line":800,"column":8},"end":{"line":802,"column":9}},"343":{"start":{"line":801,"column":12},"end":{"line":801,"column":75}},"344":{"start":{"line":803,"column":8},"end":{"line":803,"column":71}},"345":{"start":{"line":812,"column":17},"end":{"line":812,"column":52}},"346":{"start":{"line":813,"column":17},"end":{"line":813,"column":74}},"347":{"start":{"line":815,"column":22},"end":{"line":815,"column":35}},"348":{"start":{"line":816,"column":21},"end":{"line":816,"column":33}},"349":{"start":{"line":817,"column":22},"end":{"line":817,"column":35}},"350":{"start":{"line":818,"column":21},"end":{"line":818,"column":33}},"351":{"start":{"line":820,"column":23},"end":{"line":820,"column":63}},"352":{"start":{"line":821,"column":24},"end":{"line":821,"column":66}},"353":{"start":{"line":823,"column":8},"end":{"line":823,"column":44}},"354":{"start":{"line":833,"column":16},"end":{"line":833,"column":87}},"355":{"start":{"line":834,"column":16},"end":{"line":834,"column":87}},"356":{"start":{"line":835,"column":16},"end":{"line":835,"column":86}},"357":{"start":{"line":838,"column":16},"end":{"line":838,"column":31}},"358":{"start":{"line":839,"column":16},"end":{"line":839,"column":31}},"359":{"start":{"line":842,"column":16},"end":{"line":842,"column":43}},"360":{"start":{"line":843,"column":18},"end":{"line":843,"column":73}},"361":{"start":{"line":845,"column":8},"end":{"line":845,"column":19}},"362":{"start":{"line":854,"column":20},"end":{"line":854,"column":22}},"363":{"start":{"line":855,"column":20},"end":{"line":855,"column":59}},"364":{"start":{"line":857,"column":8},"end":{"line":860,"column":9}},"365":{"start":{"line":857,"column":21},"end":{"line":857,"column":22}},"366":{"start":{"line":858,"column":25},"end":{"line":858,"column":37}},"367":{"start":{"line":859,"column":12},"end":{"line":859,"column":90}},"368":{"start":{"line":861,"column":8},"end":{"line":861,"column":67}},"369":{"start":{"line":879,"column":23},"end":{"line":879,"column":38}},"370":{"start":{"line":880,"column":22},"end":{"line":880,"column":51}},"371":{"start":{"line":882,"column":24},"end":{"line":882,"column":110}},"372":{"start":{"line":883,"column":24},"end":{"line":883,"column":35}},"373":{"start":{"line":885,"column":8},"end":{"line":890,"column":10}},"374":{"start":{"line":900,"column":8},"end":{"line":904,"column":10}},"375":{"start":{"line":914,"column":8},"end":{"line":918,"column":10}},"376":{"start":{"line":928,"column":8},"end":{"line":932,"column":10}},"377":{"start":{"line":942,"column":8},"end":{"line":947,"column":10}},"378":{"start":{"line":957,"column":8},"end":{"line":962,"column":10}},"379":{"start":{"line":972,"column":8},"end":{"line":977,"column":10}},"380":{"start":{"line":987,"column":8},"end":{"line":992,"column":10}},"381":{"start":{"line":1002,"column":8},"end":{"line":1007,"column":10}},"382":{"start":{"line":1017,"column":8},"end":{"line":1022,"column":10}},"383":{"start":{"line":1032,"column":8},"end":{"line":1037,"column":10}},"384":{"start":{"line":1047,"column":8},"end":{"line":1052,"column":10}},"385":{"start":{"line":1062,"column":8},"end":{"line":1067,"column":10}},"386":{"start":{"line":1077,"column":8},"end":{"line":1082,"column":10}},"387":{"start":{"line":1092,"column":8},"end":{"line":1097,"column":10}},"388":{"start":{"line":1107,"column":8},"end":{"line":1112,"column":10}},"389":{"start":{"line":1124,"column":30},"end":{"line":1128,"column":9}},"390":{"start":{"line":1130,"column":29},"end":{"line":1134,"column":9}},"391":{"start":{"line":1136,"column":18},"end":{"line":1147,"column":9}},"392":{"start":{"line":1149,"column":20},"end":{"line":1160,"column":9}},"393":{"start":{"line":1162,"column":19},"end":{"line":1173,"column":9}},"394":{"start":{"line":1175,"column":8},"end":{"line":1175,"column":60}},"395":{"start":{"line":1186,"column":20},"end":{"line":1186,"column":79}},"396":{"start":{"line":1187,"column":22},"end":{"line":1187,"column":85}},"397":{"start":{"line":1188,"column":21},"end":{"line":1188,"column":82}},"398":{"start":{"line":1189,"column":8},"end":{"line":1189,"column":44}},"399":{"start":{"line":1203,"column":30},"end":{"line":1203,"column":103}},"400":{"start":{"line":1204,"column":8},"end":{"line":1204,"column":111}},"401":{"start":{"line":1215,"column":8},"end":{"line":1215,"column":49}},"402":{"start":{"line":1219,"column":8},"end":{"line":1219,"column":28}},"403":{"start":{"line":1223,"column":8},"end":{"line":1223,"column":42}},"404":{"start":{"line":1227,"column":8},"end":{"line":1227,"column":71}},"405":{"start":{"line":1231,"column":8},"end":{"line":1235,"column":9}},"406":{"start":{"line":1232,"column":12},"end":{"line":1232,"column":70}},"407":{"start":{"line":1234,"column":12},"end":{"line":1234,"column":72}},"408":{"start":{"line":1239,"column":8},"end":{"line":1239,"column":51}},"409":{"start":{"line":1243,"column":8},"end":{"line":1243,"column":51}},"410":{"start":{"line":1247,"column":8},"end":{"line":1249,"column":9}},"411":{"start":{"line":1248,"column":12},"end":{"line":1248,"column":21}},"412":{"start":{"line":1250,"column":8},"end":{"line":1252,"column":9}},"413":{"start":{"line":1251,"column":12},"end":{"line":1251,"column":21}},"414":{"start":{"line":1253,"column":8},"end":{"line":1253,"column":61}},"415":{"start":{"line":1257,"column":8},"end":{"line":1263,"column":9}},"416":{"start":{"line":1258,"column":12},"end":{"line":1258,"column":21}},"417":{"start":{"line":1259,"column":15},"end":{"line":1263,"column":9}},"418":{"start":{"line":1260,"column":12},"end":{"line":1260,"column":21}},"419":{"start":{"line":1262,"column":12},"end":{"line":1262,"column":69}},"420":{"start":{"line":1267,"column":8},"end":{"line":1271,"column":9}},"421":{"start":{"line":1268,"column":12},"end":{"line":1268,"column":70}},"422":{"start":{"line":1270,"column":12},"end":{"line":1270,"column":72}},"423":{"start":{"line":1275,"column":8},"end":{"line":1285,"column":9}},"424":{"start":{"line":1276,"column":12},"end":{"line":1276,"column":90}},"425":{"start":{"line":1278,"column":32},"end":{"line":1278,"column":33}},"426":{"start":{"line":1279,"column":12},"end":{"line":1283,"column":13}},"427":{"start":{"line":1280,"column":16},"end":{"line":1280,"column":90}},"428":{"start":{"line":1282,"column":16},"end":{"line":1282,"column":55}},"429":{"start":{"line":1284,"column":12},"end":{"line":1284,"column":88}},"430":{"start":{"line":1289,"column":8},"end":{"line":1289,"column":52}},"431":{"start":{"line":1293,"column":8},"end":{"line":1293,"column":75}},"432":{"start":{"line":1310,"column":8},"end":{"line":1310,"column":65}},"433":{"start":{"line":1320,"column":8},"end":{"line":1320,"column":64}},"434":{"start":{"line":1330,"column":8},"end":{"line":1330,"column":64}},"435":{"start":{"line":1339,"column":30},"end":{"line":1339,"column":32}},"436":{"start":{"line":1340,"column":30},"end":{"line":1340,"column":70}},"437":{"start":{"line":1341,"column":31},"end":{"line":1341,"column":70}},"438":{"start":{"line":1342,"column":8},"end":{"line":1342,"column":55}},"439":{"start":{"line":1351,"column":27},"end":{"line":1351,"column":56}},"440":{"start":{"line":1352,"column":8},"end":{"line":1352,"column":36}},"441":{"start":{"line":1361,"column":27},"end":{"line":1361,"column":56}},"442":{"start":{"line":1362,"column":30},"end":{"line":1362,"column":32}},"443":{"start":{"line":1363,"column":30},"end":{"line":1363,"column":74}},"444":{"start":{"line":1364,"column":31},"end":{"line":1364,"column":74}},"445":{"start":{"line":1365,"column":8},"end":{"line":1365,"column":55}},"446":{"start":{"line":1374,"column":29},"end":{"line":1374,"column":62}},"447":{"start":{"line":1375,"column":28},"end":{"line":1375,"column":67}},"448":{"start":{"line":1376,"column":8},"end":{"line":1376,"column":51}},"449":{"start":{"line":1385,"column":30},"end":{"line":1385,"column":32}},"450":{"start":{"line":1386,"column":29},"end":{"line":1386,"column":68}},"451":{"start":{"line":1387,"column":28},"end":{"line":1387,"column":57}},"452":{"start":{"line":1388,"column":29},"end":{"line":1388,"column":64}},"453":{"start":{"line":1389,"column":8},"end":{"line":1389,"column":65}},"454":{"start":{"line":1398,"column":29},"end":{"line":1398,"column":62}},"455":{"start":{"line":1399,"column":28},"end":{"line":1399,"column":67}},"456":{"start":{"line":1400,"column":29},"end":{"line":1400,"column":67}},"457":{"start":{"line":1401,"column":8},"end":{"line":1401,"column":65}},"458":{"start":{"line":1410,"column":22},"end":{"line":1410,"column":24}},"459":{"start":{"line":1411,"column":8},"end":{"line":1417,"column":9}},"460":{"start":{"line":1411,"column":21},"end":{"line":1411,"column":22}},"461":{"start":{"line":1412,"column":22},"end":{"line":1412,"column":63}},"462":{"start":{"line":1413,"column":24},"end":{"line":1413,"column":66}},"463":{"start":{"line":1414,"column":23},"end":{"line":1414,"column":66}},"464":{"start":{"line":1415,"column":25},"end":{"line":1415,"column":53}},"465":{"start":{"line":1416,"column":12},"end":{"line":1416,"column":33}},"466":{"start":{"line":1418,"column":8},"end":{"line":1418,"column":23}},"467":{"start":{"line":1429,"column":22},"end":{"line":1429,"column":24}},"468":{"start":{"line":1430,"column":8},"end":{"line":1434,"column":9}},"469":{"start":{"line":1430,"column":21},"end":{"line":1430,"column":22}},"470":{"start":{"line":1431,"column":26},"end":{"line":1431,"column":45}},"471":{"start":{"line":1432,"column":26},"end":{"line":1432,"column":51}},"472":{"start":{"line":1433,"column":12},"end":{"line":1433,"column":34}},"473":{"start":{"line":1435,"column":8},"end":{"line":1435,"column":23}},"474":{"start":{"line":1454,"column":23},"end":{"line":1454,"column":71}},"475":{"start":{"line":1456,"column":8},"end":{"line":1458,"column":9}},"476":{"start":{"line":1457,"column":12},"end":{"line":1457,"column":35}},"477":{"start":{"line":1459,"column":8},"end":{"line":1461,"column":9}},"478":{"start":{"line":1460,"column":12},"end":{"line":1460,"column":33}},"479":{"start":{"line":1463,"column":8},"end":{"line":1465,"column":9}},"480":{"start":{"line":1464,"column":12},"end":{"line":1464,"column":33}},"481":{"start":{"line":1466,"column":8},"end":{"line":1466,"column":31}},"482":{"start":{"line":1479,"column":24},"end":{"line":1479,"column":68}},"483":{"start":{"line":1480,"column":8},"end":{"line":1490,"column":9}},"484":{"start":{"line":1481,"column":12},"end":{"line":1484,"column":13}},"485":{"start":{"line":1482,"column":16},"end":{"line":1482,"column":62}},"486":{"start":{"line":1483,"column":16},"end":{"line":1483,"column":63}},"487":{"start":{"line":1486,"column":12},"end":{"line":1489,"column":13}},"488":{"start":{"line":1487,"column":16},"end":{"line":1487,"column":63}},"489":{"start":{"line":1488,"column":16},"end":{"line":1488,"column":62}},"490":{"start":{"line":1491,"column":8},"end":{"line":1491,"column":23}},"491":{"start":{"line":1495,"column":0},"end":{"line":1495,"column":69}}},"fnMap":{"0":{"name":"(anonymous_0)","decl":{"start":{"line":30,"column":4},"end":{"line":30,"column":5}},"loc":{"start":{"line":30,"column":24},"end":{"line":30,"column":39}},"line":30},"1":{"name":"(anonymous_1)","decl":{"start":{"line":36,"column":4},"end":{"line":36,"column":5}},"loc":{"start":{"line":36,"column":24},"end":{"line":36,"column":37}},"line":36},"2":{"name":"(anonymous_2)","decl":{"start":{"line":42,"column":4},"end":{"line":42,"column":5}},"loc":{"start":{"line":42,"column":26},"end":{"line":42,"column":41}},"line":42},"3":{"name":"(anonymous_3)","decl":{"start":{"line":48,"column":4},"end":{"line":48,"column":5}},"loc":{"start":{"line":48,"column":26},"end":{"line":48,"column":39}},"line":48},"4":{"name":"(anonymous_4)","decl":{"start":{"line":54,"column":4},"end":{"line":54,"column":5}},"loc":{"start":{"line":54,"column":25},"end":{"line":54,"column":40}},"line":54},"5":{"name":"(anonymous_5)","decl":{"start":{"line":60,"column":4},"end":{"line":60,"column":5}},"loc":{"start":{"line":60,"column":25},"end":{"line":60,"column":38}},"line":60},"6":{"name":"(anonymous_6)","decl":{"start":{"line":66,"column":4},"end":{"line":66,"column":5}},"loc":{"start":{"line":66,"column":24},"end":{"line":66,"column":39}},"line":66},"7":{"name":"(anonymous_7)","decl":{"start":{"line":72,"column":4},"end":{"line":72,"column":5}},"loc":{"start":{"line":72,"column":24},"end":{"line":72,"column":37}},"line":72},"8":{"name":"(anonymous_8)","decl":{"start":{"line":78,"column":4},"end":{"line":78,"column":5}},"loc":{"start":{"line":78,"column":32},"end":{"line":78,"column":48}},"line":78},"9":{"name":"(anonymous_9)","decl":{"start":{"line":84,"column":4},"end":{"line":84,"column":5}},"loc":{"start":{"line":84,"column":32},"end":{"line":84,"column":48}},"line":84},"10":{"name":"(anonymous_10)","decl":{"start":{"line":90,"column":4},"end":{"line":90,"column":5}},"loc":{"start":{"line":90,"column":26},"end":{"line":90,"column":42}},"line":90},"11":{"name":"(anonymous_11)","decl":{"start":{"line":96,"column":4},"end":{"line":96,"column":5}},"loc":{"start":{"line":96,"column":26},"end":{"line":96,"column":42}},"line":96},"12":{"name":"(anonymous_12)","decl":{"start":{"line":102,"column":4},"end":{"line":102,"column":5}},"loc":{"start":{"line":102,"column":25},"end":{"line":102,"column":41}},"line":102},"13":{"name":"(anonymous_13)","decl":{"start":{"line":108,"column":4},"end":{"line":108,"column":5}},"loc":{"start":{"line":108,"column":25},"end":{"line":108,"column":41}},"line":108},"14":{"name":"(anonymous_14)","decl":{"start":{"line":114,"column":4},"end":{"line":114,"column":5}},"loc":{"start":{"line":114,"column":28},"end":{"line":114,"column":44}},"line":114},"15":{"name":"(anonymous_15)","decl":{"start":{"line":120,"column":4},"end":{"line":120,"column":5}},"loc":{"start":{"line":120,"column":28},"end":{"line":120,"column":44}},"line":120},"16":{"name":"(anonymous_16)","decl":{"start":{"line":126,"column":4},"end":{"line":126,"column":5}},"loc":{"start":{"line":126,"column":27},"end":{"line":126,"column":43}},"line":126},"17":{"name":"(anonymous_17)","decl":{"start":{"line":132,"column":4},"end":{"line":132,"column":5}},"loc":{"start":{"line":132,"column":27},"end":{"line":132,"column":43}},"line":132},"18":{"name":"(anonymous_18)","decl":{"start":{"line":138,"column":4},"end":{"line":138,"column":5}},"loc":{"start":{"line":138,"column":32},"end":{"line":138,"column":48}},"line":138},"19":{"name":"(anonymous_19)","decl":{"start":{"line":144,"column":4},"end":{"line":144,"column":5}},"loc":{"start":{"line":144,"column":32},"end":{"line":144,"column":48}},"line":144},"20":{"name":"(anonymous_20)","decl":{"start":{"line":150,"column":4},"end":{"line":150,"column":5}},"loc":{"start":{"line":150,"column":26},"end":{"line":150,"column":42}},"line":150},"21":{"name":"(anonymous_21)","decl":{"start":{"line":156,"column":4},"end":{"line":156,"column":5}},"loc":{"start":{"line":156,"column":26},"end":{"line":156,"column":42}},"line":156},"22":{"name":"(anonymous_22)","decl":{"start":{"line":162,"column":4},"end":{"line":162,"column":5}},"loc":{"start":{"line":162,"column":26},"end":{"line":162,"column":42}},"line":162},"23":{"name":"(anonymous_23)","decl":{"start":{"line":168,"column":4},"end":{"line":168,"column":5}},"loc":{"start":{"line":168,"column":26},"end":{"line":168,"column":42}},"line":168},"24":{"name":"(anonymous_24)","decl":{"start":{"line":174,"column":4},"end":{"line":174,"column":5}},"loc":{"start":{"line":174,"column":26},"end":{"line":174,"column":42}},"line":174},"25":{"name":"(anonymous_25)","decl":{"start":{"line":180,"column":4},"end":{"line":180,"column":5}},"loc":{"start":{"line":180,"column":26},"end":{"line":180,"column":42}},"line":180},"26":{"name":"(anonymous_26)","decl":{"start":{"line":186,"column":4},"end":{"line":186,"column":5}},"loc":{"start":{"line":186,"column":26},"end":{"line":186,"column":42}},"line":186},"27":{"name":"(anonymous_27)","decl":{"start":{"line":192,"column":4},"end":{"line":192,"column":5}},"loc":{"start":{"line":192,"column":26},"end":{"line":192,"column":42}},"line":192},"28":{"name":"(anonymous_28)","decl":{"start":{"line":200,"column":4},"end":{"line":200,"column":5}},"loc":{"start":{"line":200,"column":30},"end":{"line":216,"column":5}},"line":200},"29":{"name":"(anonymous_29)","decl":{"start":{"line":226,"column":4},"end":{"line":226,"column":5}},"loc":{"start":{"line":226,"column":58},"end":{"line":242,"column":5}},"line":226},"30":{"name":"(anonymous_30)","decl":{"start":{"line":252,"column":4},"end":{"line":252,"column":5}},"loc":{"start":{"line":252,"column":65},"end":{"line":268,"column":5}},"line":252},"31":{"name":"(anonymous_31)","decl":{"start":{"line":279,"column":4},"end":{"line":279,"column":5}},"loc":{"start":{"line":279,"column":71},"end":{"line":297,"column":5}},"line":279},"32":{"name":"(anonymous_32)","decl":{"start":{"line":307,"column":4},"end":{"line":307,"column":5}},"loc":{"start":{"line":307,"column":65},"end":{"line":324,"column":5}},"line":307},"33":{"name":"(anonymous_33)","decl":{"start":{"line":334,"column":4},"end":{"line":334,"column":5}},"loc":{"start":{"line":334,"column":59},"end":{"line":351,"column":5}},"line":334},"34":{"name":"(anonymous_34)","decl":{"start":{"line":356,"column":4},"end":{"line":356,"column":5}},"loc":{"start":{"line":356,"column":14},"end":{"line":356,"column":35}},"line":356},"35":{"name":"(anonymous_35)","decl":{"start":{"line":358,"column":4},"end":{"line":358,"column":5}},"loc":{"start":{"line":358,"column":20},"end":{"line":368,"column":5}},"line":358},"36":{"name":"(anonymous_36)","decl":{"start":{"line":373,"column":4},"end":{"line":373,"column":5}},"loc":{"start":{"line":373,"column":16},"end":{"line":373,"column":39}},"line":373},"37":{"name":"(anonymous_37)","decl":{"start":{"line":375,"column":4},"end":{"line":375,"column":5}},"loc":{"start":{"line":375,"column":24},"end":{"line":384,"column":5}},"line":375},"38":{"name":"(anonymous_38)","decl":{"start":{"line":389,"column":4},"end":{"line":389,"column":5}},"loc":{"start":{"line":389,"column":15},"end":{"line":389,"column":37}},"line":389},"39":{"name":"(anonymous_39)","decl":{"start":{"line":391,"column":4},"end":{"line":391,"column":5}},"loc":{"start":{"line":391,"column":22},"end":{"line":400,"column":5}},"line":391},"40":{"name":"(anonymous_40)","decl":{"start":{"line":405,"column":4},"end":{"line":405,"column":5}},"loc":{"start":{"line":405,"column":14},"end":{"line":405,"column":35}},"line":405},"41":{"name":"(anonymous_41)","decl":{"start":{"line":407,"column":4},"end":{"line":407,"column":5}},"loc":{"start":{"line":407,"column":20},"end":{"line":416,"column":5}},"line":407},"42":{"name":"(anonymous_42)","decl":{"start":{"line":421,"column":4},"end":{"line":421,"column":5}},"loc":{"start":{"line":421,"column":22},"end":{"line":421,"column":51}},"line":421},"43":{"name":"(anonymous_43)","decl":{"start":{"line":423,"column":4},"end":{"line":423,"column":5}},"loc":{"start":{"line":423,"column":36},"end":{"line":432,"column":5}},"line":423},"44":{"name":"(anonymous_44)","decl":{"start":{"line":437,"column":4},"end":{"line":437,"column":5}},"loc":{"start":{"line":437,"column":16},"end":{"line":437,"column":39}},"line":437},"45":{"name":"(anonymous_45)","decl":{"start":{"line":439,"column":4},"end":{"line":439,"column":5}},"loc":{"start":{"line":439,"column":24},"end":{"line":448,"column":5}},"line":439},"46":{"name":"(anonymous_46)","decl":{"start":{"line":453,"column":4},"end":{"line":453,"column":5}},"loc":{"start":{"line":453,"column":15},"end":{"line":453,"column":37}},"line":453},"47":{"name":"(anonymous_47)","decl":{"start":{"line":455,"column":4},"end":{"line":455,"column":5}},"loc":{"start":{"line":455,"column":22},"end":{"line":464,"column":5}},"line":455},"48":{"name":"(anonymous_48)","decl":{"start":{"line":469,"column":4},"end":{"line":469,"column":5}},"loc":{"start":{"line":469,"column":18},"end":{"line":469,"column":43}},"line":469},"49":{"name":"(anonymous_49)","decl":{"start":{"line":471,"column":4},"end":{"line":471,"column":5}},"loc":{"start":{"line":471,"column":28},"end":{"line":480,"column":5}},"line":471},"50":{"name":"(anonymous_50)","decl":{"start":{"line":485,"column":4},"end":{"line":485,"column":5}},"loc":{"start":{"line":485,"column":17},"end":{"line":485,"column":41}},"line":485},"51":{"name":"(anonymous_51)","decl":{"start":{"line":487,"column":4},"end":{"line":487,"column":5}},"loc":{"start":{"line":487,"column":26},"end":{"line":496,"column":5}},"line":487},"52":{"name":"(anonymous_52)","decl":{"start":{"line":501,"column":4},"end":{"line":501,"column":5}},"loc":{"start":{"line":501,"column":22},"end":{"line":501,"column":51}},"line":501},"53":{"name":"(anonymous_53)","decl":{"start":{"line":503,"column":4},"end":{"line":503,"column":5}},"loc":{"start":{"line":503,"column":36},"end":{"line":512,"column":5}},"line":503},"54":{"name":"(anonymous_54)","decl":{"start":{"line":517,"column":4},"end":{"line":517,"column":5}},"loc":{"start":{"line":517,"column":16},"end":{"line":517,"column":39}},"line":517},"55":{"name":"(anonymous_55)","decl":{"start":{"line":519,"column":4},"end":{"line":519,"column":5}},"loc":{"start":{"line":519,"column":24},"end":{"line":528,"column":5}},"line":519},"56":{"name":"(anonymous_56)","decl":{"start":{"line":533,"column":4},"end":{"line":533,"column":5}},"loc":{"start":{"line":533,"column":16},"end":{"line":533,"column":39}},"line":533},"57":{"name":"(anonymous_57)","decl":{"start":{"line":535,"column":4},"end":{"line":535,"column":5}},"loc":{"start":{"line":535,"column":24},"end":{"line":544,"column":5}},"line":535},"58":{"name":"(anonymous_58)","decl":{"start":{"line":549,"column":4},"end":{"line":549,"column":5}},"loc":{"start":{"line":549,"column":16},"end":{"line":549,"column":39}},"line":549},"59":{"name":"(anonymous_59)","decl":{"start":{"line":551,"column":4},"end":{"line":551,"column":5}},"loc":{"start":{"line":551,"column":24},"end":{"line":560,"column":5}},"line":551},"60":{"name":"(anonymous_60)","decl":{"start":{"line":565,"column":4},"end":{"line":565,"column":5}},"loc":{"start":{"line":565,"column":16},"end":{"line":565,"column":39}},"line":565},"61":{"name":"(anonymous_61)","decl":{"start":{"line":567,"column":4},"end":{"line":567,"column":5}},"loc":{"start":{"line":567,"column":24},"end":{"line":572,"column":5}},"line":567},"62":{"name":"(anonymous_62)","decl":{"start":{"line":577,"column":4},"end":{"line":577,"column":5}},"loc":{"start":{"line":577,"column":13},"end":{"line":594,"column":5}},"line":577},"63":{"name":"(anonymous_63)","decl":{"start":{"line":599,"column":4},"end":{"line":599,"column":5}},"loc":{"start":{"line":599,"column":11},"end":{"line":601,"column":5}},"line":599},"64":{"name":"(anonymous_64)","decl":{"start":{"line":606,"column":4},"end":{"line":606,"column":5}},"loc":{"start":{"line":606,"column":12},"end":{"line":608,"column":5}},"line":606},"65":{"name":"(anonymous_65)","decl":{"start":{"line":759,"column":4},"end":{"line":759,"column":5}},"loc":{"start":{"line":759,"column":26},"end":{"line":765,"column":5}},"line":759},"66":{"name":"(anonymous_66)","decl":{"start":{"line":773,"column":4},"end":{"line":773,"column":5}},"loc":{"start":{"line":773,"column":35},"end":{"line":778,"column":5}},"line":773},"67":{"name":"(anonymous_67)","decl":{"start":{"line":785,"column":4},"end":{"line":785,"column":5}},"loc":{"start":{"line":785,"column":29},"end":{"line":788,"column":5}},"line":785},"68":{"name":"(anonymous_68)","decl":{"start":{"line":797,"column":4},"end":{"line":797,"column":5}},"loc":{"start":{"line":797,"column":38},"end":{"line":804,"column":5}},"line":797},"69":{"name":"(anonymous_69)","decl":{"start":{"line":811,"column":4},"end":{"line":811,"column":5}},"loc":{"start":{"line":811,"column":33},"end":{"line":824,"column":5}},"line":811},"70":{"name":"(anonymous_70)","decl":{"start":{"line":831,"column":4},"end":{"line":831,"column":5}},"loc":{"start":{"line":831,"column":31},"end":{"line":846,"column":5}},"line":831},"71":{"name":"(anonymous_71)","decl":{"start":{"line":853,"column":4},"end":{"line":853,"column":5}},"loc":{"start":{"line":853,"column":30},"end":{"line":862,"column":5}},"line":853},"72":{"name":"(anonymous_72)","decl":{"start":{"line":878,"column":4},"end":{"line":878,"column":5}},"loc":{"start":{"line":878,"column":42},"end":{"line":891,"column":5}},"line":878},"73":{"name":"(anonymous_73)","decl":{"start":{"line":899,"column":4},"end":{"line":899,"column":5}},"loc":{"start":{"line":899,"column":33},"end":{"line":905,"column":5}},"line":899},"74":{"name":"(anonymous_74)","decl":{"start":{"line":913,"column":4},"end":{"line":913,"column":5}},"loc":{"start":{"line":913,"column":34},"end":{"line":919,"column":5}},"line":913},"75":{"name":"(anonymous_75)","decl":{"start":{"line":927,"column":4},"end":{"line":927,"column":5}},"loc":{"start":{"line":927,"column":33},"end":{"line":933,"column":5}},"line":927},"76":{"name":"(anonymous_76)","decl":{"start":{"line":941,"column":4},"end":{"line":941,"column":5}},"loc":{"start":{"line":941,"column":43},"end":{"line":948,"column":5}},"line":941},"77":{"name":"(anonymous_77)","decl":{"start":{"line":956,"column":4},"end":{"line":956,"column":5}},"loc":{"start":{"line":956,"column":45},"end":{"line":963,"column":5}},"line":956},"78":{"name":"(anonymous_78)","decl":{"start":{"line":971,"column":4},"end":{"line":971,"column":5}},"loc":{"start":{"line":971,"column":43},"end":{"line":978,"column":5}},"line":971},"79":{"name":"(anonymous_79)","decl":{"start":{"line":986,"column":4},"end":{"line":986,"column":5}},"loc":{"start":{"line":986,"column":44},"end":{"line":993,"column":5}},"line":986},"80":{"name":"(anonymous_80)","decl":{"start":{"line":1001,"column":4},"end":{"line":1001,"column":5}},"loc":{"start":{"line":1001,"column":43},"end":{"line":1008,"column":5}},"line":1001},"81":{"name":"(anonymous_81)","decl":{"start":{"line":1016,"column":4},"end":{"line":1016,"column":5}},"loc":{"start":{"line":1016,"column":44},"end":{"line":1023,"column":5}},"line":1016},"82":{"name":"(anonymous_82)","decl":{"start":{"line":1031,"column":4},"end":{"line":1031,"column":5}},"loc":{"start":{"line":1031,"column":48},"end":{"line":1038,"column":5}},"line":1031},"83":{"name":"(anonymous_83)","decl":{"start":{"line":1046,"column":4},"end":{"line":1046,"column":5}},"loc":{"start":{"line":1046,"column":47},"end":{"line":1053,"column":5}},"line":1046},"84":{"name":"(anonymous_84)","decl":{"start":{"line":1061,"column":4},"end":{"line":1061,"column":5}},"loc":{"start":{"line":1061,"column":46},"end":{"line":1068,"column":5}},"line":1061},"85":{"name":"(anonymous_85)","decl":{"start":{"line":1076,"column":4},"end":{"line":1076,"column":5}},"loc":{"start":{"line":1076,"column":46},"end":{"line":1083,"column":5}},"line":1076},"86":{"name":"(anonymous_86)","decl":{"start":{"line":1091,"column":4},"end":{"line":1091,"column":5}},"loc":{"start":{"line":1091,"column":47},"end":{"line":1098,"column":5}},"line":1091},"87":{"name":"(anonymous_87)","decl":{"start":{"line":1106,"column":4},"end":{"line":1106,"column":5}},"loc":{"start":{"line":1106,"column":46},"end":{"line":1113,"column":5}},"line":1106},"88":{"name":"(anonymous_88)","decl":{"start":{"line":1309,"column":4},"end":{"line":1309,"column":5}},"loc":{"start":{"line":1309,"column":31},"end":{"line":1311,"column":5}},"line":1309},"89":{"name":"(anonymous_89)","decl":{"start":{"line":1319,"column":4},"end":{"line":1319,"column":5}},"loc":{"start":{"line":1319,"column":30},"end":{"line":1321,"column":5}},"line":1319},"90":{"name":"(anonymous_90)","decl":{"start":{"line":1329,"column":4},"end":{"line":1329,"column":5}},"loc":{"start":{"line":1329,"column":30},"end":{"line":1331,"column":5}},"line":1329},"91":{"name":"(anonymous_91)","decl":{"start":{"line":1338,"column":4},"end":{"line":1338,"column":5}},"loc":{"start":{"line":1338,"column":29},"end":{"line":1343,"column":5}},"line":1338},"92":{"name":"(anonymous_92)","decl":{"start":{"line":1350,"column":4},"end":{"line":1350,"column":5}},"loc":{"start":{"line":1350,"column":33},"end":{"line":1353,"column":5}},"line":1350},"93":{"name":"(anonymous_93)","decl":{"start":{"line":1360,"column":4},"end":{"line":1360,"column":5}},"loc":{"start":{"line":1360,"column":38},"end":{"line":1366,"column":5}},"line":1360},"94":{"name":"(anonymous_94)","decl":{"start":{"line":1373,"column":4},"end":{"line":1373,"column":5}},"loc":{"start":{"line":1373,"column":27},"end":{"line":1377,"column":5}},"line":1373},"95":{"name":"(anonymous_95)","decl":{"start":{"line":1384,"column":4},"end":{"line":1384,"column":5}},"loc":{"start":{"line":1384,"column":28},"end":{"line":1390,"column":5}},"line":1384},"96":{"name":"(anonymous_96)","decl":{"start":{"line":1397,"column":4},"end":{"line":1397,"column":5}},"loc":{"start":{"line":1397,"column":26},"end":{"line":1402,"column":5}},"line":1397},"97":{"name":"(anonymous_97)","decl":{"start":{"line":1409,"column":4},"end":{"line":1409,"column":5}},"loc":{"start":{"line":1409,"column":24},"end":{"line":1419,"column":5}},"line":1409},"98":{"name":"(anonymous_98)","decl":{"start":{"line":1453,"column":4},"end":{"line":1453,"column":5}},"loc":{"start":{"line":1453,"column":95},"end":{"line":1467,"column":5}},"line":1453},"99":{"name":"(anonymous_99)","decl":{"start":{"line":1478,"column":4},"end":{"line":1478,"column":5}},"loc":{"start":{"line":1478,"column":90},"end":{"line":1492,"column":5}},"line":1478}},"branchMap":{"0":{"loc":{"start":{"line":201,"column":8},"end":{"line":215,"column":9}},"type":"if","locations":[{"start":{"line":201,"column":8},"end":{"line":215,"column":9}},{"start":{},"end":{}}],"line":201},"1":{"loc":{"start":{"line":204,"column":16},"end":{"line":211,"column":17}},"type":"switch","locations":[{"start":{"line":205,"column":20},"end":{"line":206,"column":82}},{"start":{"line":207,"column":20},"end":{"line":208,"column":94}},{"start":{"line":209,"column":20},"end":{"line":210,"column":94}}],"line":204},"2":{"loc":{"start":{"line":226,"column":33},"end":{"line":226,"column":56}},"type":"default-arg","locations":[{"start":{"line":226,"column":41},"end":{"line":226,"column":56}}],"line":226},"3":{"loc":{"start":{"line":227,"column":8},"end":{"line":231,"column":9}},"type":"if","locations":[{"start":{"line":227,"column":8},"end":{"line":231,"column":9}},{"start":{"line":229,"column":15},"end":{"line":231,"column":9}}],"line":227},"4":{"loc":{"start":{"line":227,"column":12},"end":{"line":227,"column":110}},"type":"binary-expr","locations":[{"start":{"line":227,"column":12},"end":{"line":227,"column":31}},{"start":{"line":227,"column":35},"end":{"line":227,"column":58}},{"start":{"line":227,"column":62},"end":{"line":227,"column":83}},{"start":{"line":227,"column":87},"end":{"line":227,"column":110}}],"line":227},"5":{"loc":{"start":{"line":229,"column":15},"end":{"line":231,"column":9}},"type":"if","locations":[{"start":{"line":229,"column":15},"end":{"line":231,"column":9}},{"start":{},"end":{}}],"line":229},"6":{"loc":{"start":{"line":229,"column":19},"end":{"line":229,"column":117}},"type":"binary-expr","locations":[{"start":{"line":229,"column":19},"end":{"line":229,"column":38}},{"start":{"line":229,"column":42},"end":{"line":229,"column":65}},{"start":{"line":229,"column":69},"end":{"line":229,"column":90}},{"start":{"line":229,"column":94},"end":{"line":229,"column":117}}],"line":229},"7":{"loc":{"start":{"line":252,"column":40},"end":{"line":252,"column":63}},"type":"default-arg","locations":[{"start":{"line":252,"column":48},"end":{"line":252,"column":63}}],"line":252},"8":{"loc":{"start":{"line":253,"column":8},"end":{"line":257,"column":9}},"type":"if","locations":[{"start":{"line":253,"column":8},"end":{"line":257,"column":9}},{"start":{"line":255,"column":15},"end":{"line":257,"column":9}}],"line":253},"9":{"loc":{"start":{"line":253,"column":12},"end":{"line":253,"column":124}},"type":"binary-expr","locations":[{"start":{"line":253,"column":12},"end":{"line":253,"column":31}},{"start":{"line":253,"column":35},"end":{"line":253,"column":70}},{"start":{"line":253,"column":74},"end":{"line":253,"column":97}},{"start":{"line":253,"column":101},"end":{"line":253,"column":124}}],"line":253},"10":{"loc":{"start":{"line":255,"column":15},"end":{"line":257,"column":9}},"type":"if","locations":[{"start":{"line":255,"column":15},"end":{"line":257,"column":9}},{"start":{},"end":{}}],"line":255},"11":{"loc":{"start":{"line":255,"column":19},"end":{"line":255,"column":131}},"type":"binary-expr","locations":[{"start":{"line":255,"column":19},"end":{"line":255,"column":38}},{"start":{"line":255,"column":42},"end":{"line":255,"column":77}},{"start":{"line":255,"column":81},"end":{"line":255,"column":104}},{"start":{"line":255,"column":108},"end":{"line":255,"column":131}}],"line":255},"12":{"loc":{"start":{"line":279,"column":46},"end":{"line":279,"column":69}},"type":"default-arg","locations":[{"start":{"line":279,"column":54},"end":{"line":279,"column":69}}],"line":279},"13":{"loc":{"start":{"line":280,"column":8},"end":{"line":285,"column":9}},"type":"if","locations":[{"start":{"line":280,"column":8},"end":{"line":285,"column":9}},{"start":{"line":283,"column":13},"end":{"line":285,"column":9}}],"line":280},"14":{"loc":{"start":{"line":280,"column":12},"end":{"line":280,"column":147}},"type":"binary-expr","locations":[{"start":{"line":280,"column":12},"end":{"line":280,"column":33}},{"start":{"line":280,"column":37},"end":{"line":280,"column":64}},{"start":{"line":280,"column":68},"end":{"line":280,"column":93}},{"start":{"line":280,"column":97},"end":{"line":280,"column":120}},{"start":{"line":280,"column":124},"end":{"line":280,"column":147}}],"line":280},"15":{"loc":{"start":{"line":283,"column":13},"end":{"line":285,"column":9}},"type":"if","locations":[{"start":{"line":283,"column":13},"end":{"line":285,"column":9}},{"start":{},"end":{}}],"line":283},"16":{"loc":{"start":{"line":283,"column":17},"end":{"line":283,"column":152}},"type":"binary-expr","locations":[{"start":{"line":283,"column":17},"end":{"line":283,"column":38}},{"start":{"line":283,"column":42},"end":{"line":283,"column":69}},{"start":{"line":283,"column":73},"end":{"line":283,"column":98}},{"start":{"line":283,"column":102},"end":{"line":283,"column":125}},{"start":{"line":283,"column":129},"end":{"line":283,"column":152}}],"line":283},"17":{"loc":{"start":{"line":307,"column":40},"end":{"line":307,"column":63}},"type":"default-arg","locations":[{"start":{"line":307,"column":48},"end":{"line":307,"column":63}}],"line":307},"18":{"loc":{"start":{"line":308,"column":8},"end":{"line":313,"column":9}},"type":"if","locations":[{"start":{"line":308,"column":8},"end":{"line":313,"column":9}},{"start":{"line":311,"column":13},"end":{"line":313,"column":9}}],"line":308},"19":{"loc":{"start":{"line":308,"column":12},"end":{"line":308,"column":124}},"type":"binary-expr","locations":[{"start":{"line":308,"column":12},"end":{"line":308,"column":31}},{"start":{"line":308,"column":35},"end":{"line":308,"column":70}},{"start":{"line":308,"column":74},"end":{"line":308,"column":97}},{"start":{"line":308,"column":101},"end":{"line":308,"column":124}}],"line":308},"20":{"loc":{"start":{"line":311,"column":13},"end":{"line":313,"column":9}},"type":"if","locations":[{"start":{"line":311,"column":13},"end":{"line":313,"column":9}},{"start":{},"end":{}}],"line":311},"21":{"loc":{"start":{"line":311,"column":17},"end":{"line":311,"column":129}},"type":"binary-expr","locations":[{"start":{"line":311,"column":17},"end":{"line":311,"column":36}},{"start":{"line":311,"column":40},"end":{"line":311,"column":75}},{"start":{"line":311,"column":79},"end":{"line":311,"column":102}},{"start":{"line":311,"column":106},"end":{"line":311,"column":129}}],"line":311},"22":{"loc":{"start":{"line":334,"column":34},"end":{"line":334,"column":57}},"type":"default-arg","locations":[{"start":{"line":334,"column":42},"end":{"line":334,"column":57}}],"line":334},"23":{"loc":{"start":{"line":335,"column":8},"end":{"line":340,"column":9}},"type":"if","locations":[{"start":{"line":335,"column":8},"end":{"line":340,"column":9}},{"start":{"line":338,"column":13},"end":{"line":340,"column":9}}],"line":335},"24":{"loc":{"start":{"line":335,"column":12},"end":{"line":335,"column":112}},"type":"binary-expr","locations":[{"start":{"line":335,"column":12},"end":{"line":335,"column":31}},{"start":{"line":335,"column":35},"end":{"line":335,"column":58}},{"start":{"line":335,"column":62},"end":{"line":335,"column":85}},{"start":{"line":335,"column":89},"end":{"line":335,"column":112}}],"line":335},"25":{"loc":{"start":{"line":338,"column":13},"end":{"line":340,"column":9}},"type":"if","locations":[{"start":{"line":338,"column":13},"end":{"line":340,"column":9}},{"start":{},"end":{}}],"line":338},"26":{"loc":{"start":{"line":338,"column":17},"end":{"line":338,"column":117}},"type":"binary-expr","locations":[{"start":{"line":338,"column":17},"end":{"line":338,"column":36}},{"start":{"line":338,"column":40},"end":{"line":338,"column":63}},{"start":{"line":338,"column":67},"end":{"line":338,"column":90}},{"start":{"line":338,"column":94},"end":{"line":338,"column":117}}],"line":338},"27":{"loc":{"start":{"line":359,"column":8},"end":{"line":361,"column":9}},"type":"if","locations":[{"start":{"line":359,"column":8},"end":{"line":361,"column":9}},{"start":{},"end":{}}],"line":359},"28":{"loc":{"start":{"line":359,"column":12},"end":{"line":359,"column":60}},"type":"binary-expr","locations":[{"start":{"line":359,"column":12},"end":{"line":359,"column":34}},{"start":{"line":359,"column":38},"end":{"line":359,"column":60}}],"line":359},"29":{"loc":{"start":{"line":376,"column":8},"end":{"line":378,"column":9}},"type":"if","locations":[{"start":{"line":376,"column":8},"end":{"line":378,"column":9}},{"start":{},"end":{}}],"line":376},"30":{"loc":{"start":{"line":376,"column":12},"end":{"line":376,"column":68}},"type":"binary-expr","locations":[{"start":{"line":376,"column":12},"end":{"line":376,"column":38}},{"start":{"line":376,"column":42},"end":{"line":376,"column":68}}],"line":376},"31":{"loc":{"start":{"line":392,"column":8},"end":{"line":394,"column":9}},"type":"if","locations":[{"start":{"line":392,"column":8},"end":{"line":394,"column":9}},{"start":{},"end":{}}],"line":392},"32":{"loc":{"start":{"line":392,"column":12},"end":{"line":392,"column":64}},"type":"binary-expr","locations":[{"start":{"line":392,"column":12},"end":{"line":392,"column":36}},{"start":{"line":392,"column":40},"end":{"line":392,"column":64}}],"line":392},"33":{"loc":{"start":{"line":408,"column":8},"end":{"line":410,"column":9}},"type":"if","locations":[{"start":{"line":408,"column":8},"end":{"line":410,"column":9}},{"start":{},"end":{}}],"line":408},"34":{"loc":{"start":{"line":408,"column":12},"end":{"line":408,"column":61}},"type":"binary-expr","locations":[{"start":{"line":408,"column":12},"end":{"line":408,"column":34}},{"start":{"line":408,"column":38},"end":{"line":408,"column":61}}],"line":408},"35":{"loc":{"start":{"line":424,"column":8},"end":{"line":426,"column":9}},"type":"if","locations":[{"start":{"line":424,"column":8},"end":{"line":426,"column":9}},{"start":{},"end":{}}],"line":424},"36":{"loc":{"start":{"line":424,"column":12},"end":{"line":424,"column":92}},"type":"binary-expr","locations":[{"start":{"line":424,"column":12},"end":{"line":424,"column":50}},{"start":{"line":424,"column":54},"end":{"line":424,"column":92}}],"line":424},"37":{"loc":{"start":{"line":440,"column":8},"end":{"line":442,"column":9}},"type":"if","locations":[{"start":{"line":440,"column":8},"end":{"line":442,"column":9}},{"start":{},"end":{}}],"line":440},"38":{"loc":{"start":{"line":440,"column":12},"end":{"line":440,"column":68}},"type":"binary-expr","locations":[{"start":{"line":440,"column":12},"end":{"line":440,"column":38}},{"start":{"line":440,"column":42},"end":{"line":440,"column":68}}],"line":440},"39":{"loc":{"start":{"line":456,"column":8},"end":{"line":458,"column":9}},"type":"if","locations":[{"start":{"line":456,"column":8},"end":{"line":458,"column":9}},{"start":{},"end":{}}],"line":456},"40":{"loc":{"start":{"line":456,"column":12},"end":{"line":456,"column":64}},"type":"binary-expr","locations":[{"start":{"line":456,"column":12},"end":{"line":456,"column":36}},{"start":{"line":456,"column":40},"end":{"line":456,"column":64}}],"line":456},"41":{"loc":{"start":{"line":472,"column":8},"end":{"line":474,"column":9}},"type":"if","locations":[{"start":{"line":472,"column":8},"end":{"line":474,"column":9}},{"start":{},"end":{}}],"line":472},"42":{"loc":{"start":{"line":472,"column":12},"end":{"line":472,"column":76}},"type":"binary-expr","locations":[{"start":{"line":472,"column":12},"end":{"line":472,"column":42}},{"start":{"line":472,"column":46},"end":{"line":472,"column":76}}],"line":472},"43":{"loc":{"start":{"line":488,"column":8},"end":{"line":490,"column":9}},"type":"if","locations":[{"start":{"line":488,"column":8},"end":{"line":490,"column":9}},{"start":{},"end":{}}],"line":488},"44":{"loc":{"start":{"line":488,"column":12},"end":{"line":488,"column":72}},"type":"binary-expr","locations":[{"start":{"line":488,"column":12},"end":{"line":488,"column":40}},{"start":{"line":488,"column":44},"end":{"line":488,"column":72}}],"line":488},"45":{"loc":{"start":{"line":504,"column":8},"end":{"line":506,"column":9}},"type":"if","locations":[{"start":{"line":504,"column":8},"end":{"line":506,"column":9}},{"start":{},"end":{}}],"line":504},"46":{"loc":{"start":{"line":504,"column":12},"end":{"line":504,"column":92}},"type":"binary-expr","locations":[{"start":{"line":504,"column":12},"end":{"line":504,"column":50}},{"start":{"line":504,"column":54},"end":{"line":504,"column":92}}],"line":504},"47":{"loc":{"start":{"line":520,"column":8},"end":{"line":522,"column":9}},"type":"if","locations":[{"start":{"line":520,"column":8},"end":{"line":522,"column":9}},{"start":{},"end":{}}],"line":520},"48":{"loc":{"start":{"line":520,"column":12},"end":{"line":520,"column":68}},"type":"binary-expr","locations":[{"start":{"line":520,"column":12},"end":{"line":520,"column":38}},{"start":{"line":520,"column":42},"end":{"line":520,"column":68}}],"line":520},"49":{"loc":{"start":{"line":536,"column":8},"end":{"line":538,"column":9}},"type":"if","locations":[{"start":{"line":536,"column":8},"end":{"line":538,"column":9}},{"start":{},"end":{}}],"line":536},"50":{"loc":{"start":{"line":536,"column":12},"end":{"line":536,"column":68}},"type":"binary-expr","locations":[{"start":{"line":536,"column":12},"end":{"line":536,"column":38}},{"start":{"line":536,"column":42},"end":{"line":536,"column":68}}],"line":536},"51":{"loc":{"start":{"line":552,"column":8},"end":{"line":554,"column":9}},"type":"if","locations":[{"start":{"line":552,"column":8},"end":{"line":554,"column":9}},{"start":{},"end":{}}],"line":552},"52":{"loc":{"start":{"line":552,"column":12},"end":{"line":552,"column":68}},"type":"binary-expr","locations":[{"start":{"line":552,"column":12},"end":{"line":552,"column":38}},{"start":{"line":552,"column":42},"end":{"line":552,"column":68}}],"line":552},"53":{"loc":{"start":{"line":568,"column":8},"end":{"line":570,"column":9}},"type":"if","locations":[{"start":{"line":568,"column":8},"end":{"line":570,"column":9}},{"start":{},"end":{}}],"line":568},"54":{"loc":{"start":{"line":568,"column":12},"end":{"line":568,"column":68}},"type":"binary-expr","locations":[{"start":{"line":568,"column":12},"end":{"line":568,"column":38}},{"start":{"line":568,"column":42},"end":{"line":568,"column":68}}],"line":568},"55":{"loc":{"start":{"line":616,"column":8},"end":{"line":624,"column":9}},"type":"if","locations":[{"start":{"line":616,"column":8},"end":{"line":624,"column":9}},{"start":{"line":618,"column":15},"end":{"line":624,"column":9}}],"line":616},"56":{"loc":{"start":{"line":618,"column":15},"end":{"line":624,"column":9}},"type":"if","locations":[{"start":{"line":618,"column":15},"end":{"line":624,"column":9}},{"start":{"line":620,"column":15},"end":{"line":624,"column":9}}],"line":618},"57":{"loc":{"start":{"line":620,"column":15},"end":{"line":624,"column":9}},"type":"if","locations":[{"start":{"line":620,"column":15},"end":{"line":624,"column":9}},{"start":{"line":622,"column":15},"end":{"line":624,"column":9}}],"line":620},"58":{"loc":{"start":{"line":622,"column":15},"end":{"line":624,"column":9}},"type":"if","locations":[{"start":{"line":622,"column":15},"end":{"line":624,"column":9}},{"start":{},"end":{}}],"line":622},"59":{"loc":{"start":{"line":627,"column":8},"end":{"line":627,"column":48}},"type":"if","locations":[{"start":{"line":627,"column":8},"end":{"line":627,"column":48}},{"start":{},"end":{}}],"line":627},"60":{"loc":{"start":{"line":630,"column":8},"end":{"line":634,"column":9}},"type":"if","locations":[{"start":{"line":630,"column":8},"end":{"line":634,"column":9}},{"start":{"line":632,"column":15},"end":{"line":634,"column":9}}],"line":630},"61":{"loc":{"start":{"line":644,"column":8},"end":{"line":668,"column":9}},"type":"if","locations":[{"start":{"line":644,"column":8},"end":{"line":668,"column":9}},{"start":{"line":648,"column":15},"end":{"line":668,"column":9}}],"line":644},"62":{"loc":{"start":{"line":644,"column":12},"end":{"line":644,"column":44}},"type":"binary-expr","locations":[{"start":{"line":644,"column":12},"end":{"line":644,"column":26}},{"start":{"line":644,"column":30},"end":{"line":644,"column":44}}],"line":644},"63":{"loc":{"start":{"line":648,"column":15},"end":{"line":668,"column":9}},"type":"if","locations":[{"start":{"line":648,"column":15},"end":{"line":668,"column":9}},{"start":{"line":652,"column":15},"end":{"line":668,"column":9}}],"line":648},"64":{"loc":{"start":{"line":648,"column":19},"end":{"line":648,"column":53}},"type":"binary-expr","locations":[{"start":{"line":648,"column":19},"end":{"line":648,"column":34}},{"start":{"line":648,"column":38},"end":{"line":648,"column":53}}],"line":648},"65":{"loc":{"start":{"line":652,"column":15},"end":{"line":668,"column":9}},"type":"if","locations":[{"start":{"line":652,"column":15},"end":{"line":668,"column":9}},{"start":{"line":656,"column":15},"end":{"line":668,"column":9}}],"line":652},"66":{"loc":{"start":{"line":652,"column":19},"end":{"line":652,"column":54}},"type":"binary-expr","locations":[{"start":{"line":652,"column":19},"end":{"line":652,"column":35}},{"start":{"line":652,"column":39},"end":{"line":652,"column":54}}],"line":652},"67":{"loc":{"start":{"line":656,"column":15},"end":{"line":668,"column":9}},"type":"if","locations":[{"start":{"line":656,"column":15},"end":{"line":668,"column":9}},{"start":{"line":660,"column":15},"end":{"line":668,"column":9}}],"line":656},"68":{"loc":{"start":{"line":656,"column":19},"end":{"line":656,"column":54}},"type":"binary-expr","locations":[{"start":{"line":656,"column":19},"end":{"line":656,"column":35}},{"start":{"line":656,"column":39},"end":{"line":656,"column":54}}],"line":656},"69":{"loc":{"start":{"line":660,"column":15},"end":{"line":668,"column":9}},"type":"if","locations":[{"start":{"line":660,"column":15},"end":{"line":668,"column":9}},{"start":{"line":664,"column":15},"end":{"line":668,"column":9}}],"line":660},"70":{"loc":{"start":{"line":660,"column":19},"end":{"line":660,"column":54}},"type":"binary-expr","locations":[{"start":{"line":660,"column":19},"end":{"line":660,"column":35}},{"start":{"line":660,"column":39},"end":{"line":660,"column":54}}],"line":660},"71":{"loc":{"start":{"line":664,"column":15},"end":{"line":668,"column":9}},"type":"if","locations":[{"start":{"line":664,"column":15},"end":{"line":668,"column":9}},{"start":{},"end":{}}],"line":664},"72":{"loc":{"start":{"line":664,"column":19},"end":{"line":664,"column":54}},"type":"binary-expr","locations":[{"start":{"line":664,"column":19},"end":{"line":664,"column":35}},{"start":{"line":664,"column":39},"end":{"line":664,"column":54}}],"line":664},"73":{"loc":{"start":{"line":681,"column":8},"end":{"line":705,"column":9}},"type":"if","locations":[{"start":{"line":681,"column":8},"end":{"line":705,"column":9}},{"start":{"line":685,"column":15},"end":{"line":705,"column":9}}],"line":681},"74":{"loc":{"start":{"line":681,"column":12},"end":{"line":681,"column":44}},"type":"binary-expr","locations":[{"start":{"line":681,"column":12},"end":{"line":681,"column":26}},{"start":{"line":681,"column":30},"end":{"line":681,"column":44}}],"line":681},"75":{"loc":{"start":{"line":685,"column":15},"end":{"line":705,"column":9}},"type":"if","locations":[{"start":{"line":685,"column":15},"end":{"line":705,"column":9}},{"start":{"line":689,"column":15},"end":{"line":705,"column":9}}],"line":685},"76":{"loc":{"start":{"line":685,"column":19},"end":{"line":685,"column":53}},"type":"binary-expr","locations":[{"start":{"line":685,"column":19},"end":{"line":685,"column":34}},{"start":{"line":685,"column":38},"end":{"line":685,"column":53}}],"line":685},"77":{"loc":{"start":{"line":689,"column":15},"end":{"line":705,"column":9}},"type":"if","locations":[{"start":{"line":689,"column":15},"end":{"line":705,"column":9}},{"start":{"line":693,"column":15},"end":{"line":705,"column":9}}],"line":689},"78":{"loc":{"start":{"line":689,"column":19},"end":{"line":689,"column":54}},"type":"binary-expr","locations":[{"start":{"line":689,"column":19},"end":{"line":689,"column":35}},{"start":{"line":689,"column":39},"end":{"line":689,"column":54}}],"line":689},"79":{"loc":{"start":{"line":693,"column":15},"end":{"line":705,"column":9}},"type":"if","locations":[{"start":{"line":693,"column":15},"end":{"line":705,"column":9}},{"start":{"line":697,"column":15},"end":{"line":705,"column":9}}],"line":693},"80":{"loc":{"start":{"line":693,"column":19},"end":{"line":693,"column":54}},"type":"binary-expr","locations":[{"start":{"line":693,"column":19},"end":{"line":693,"column":35}},{"start":{"line":693,"column":39},"end":{"line":693,"column":54}}],"line":693},"81":{"loc":{"start":{"line":697,"column":15},"end":{"line":705,"column":9}},"type":"if","locations":[{"start":{"line":697,"column":15},"end":{"line":705,"column":9}},{"start":{"line":701,"column":15},"end":{"line":705,"column":9}}],"line":697},"82":{"loc":{"start":{"line":697,"column":19},"end":{"line":697,"column":54}},"type":"binary-expr","locations":[{"start":{"line":697,"column":19},"end":{"line":697,"column":35}},{"start":{"line":697,"column":39},"end":{"line":697,"column":54}}],"line":697},"83":{"loc":{"start":{"line":701,"column":15},"end":{"line":705,"column":9}},"type":"if","locations":[{"start":{"line":701,"column":15},"end":{"line":705,"column":9}},{"start":{},"end":{}}],"line":701},"84":{"loc":{"start":{"line":701,"column":19},"end":{"line":701,"column":54}},"type":"binary-expr","locations":[{"start":{"line":701,"column":19},"end":{"line":701,"column":35}},{"start":{"line":701,"column":39},"end":{"line":701,"column":54}}],"line":701},"85":{"loc":{"start":{"line":731,"column":8},"end":{"line":736,"column":9}},"type":"if","locations":[{"start":{"line":731,"column":8},"end":{"line":736,"column":9}},{"start":{"line":734,"column":13},"end":{"line":736,"column":9}}],"line":731},"86":{"loc":{"start":{"line":776,"column":14},"end":{"line":776,"column":39}},"type":"cond-expr","locations":[{"start":{"line":776,"column":24},"end":{"line":776,"column":33}},{"start":{"line":776,"column":36},"end":{"line":776,"column":39}}],"line":776},"87":{"loc":{"start":{"line":800,"column":8},"end":{"line":802,"column":9}},"type":"if","locations":[{"start":{"line":800,"column":8},"end":{"line":802,"column":9}},{"start":{},"end":{}}],"line":800},"88":{"loc":{"start":{"line":859,"column":21},"end":{"line":859,"column":89}},"type":"cond-expr","locations":[{"start":{"line":859,"column":42},"end":{"line":859,"column":54}},{"start":{"line":859,"column":58},"end":{"line":859,"column":89}}],"line":859},"89":{"loc":{"start":{"line":882,"column":26},"end":{"line":882,"column":100}},"type":"cond-expr","locations":[{"start":{"line":882,"column":52},"end":{"line":882,"column":58}},{"start":{"line":882,"column":61},"end":{"line":882,"column":100}}],"line":882},"90":{"loc":{"start":{"line":1231,"column":8},"end":{"line":1235,"column":9}},"type":"if","locations":[{"start":{"line":1231,"column":8},"end":{"line":1235,"column":9}},{"start":{"line":1233,"column":15},"end":{"line":1235,"column":9}}],"line":1231},"91":{"loc":{"start":{"line":1247,"column":8},"end":{"line":1249,"column":9}},"type":"if","locations":[{"start":{"line":1247,"column":8},"end":{"line":1249,"column":9}},{"start":{},"end":{}}],"line":1247},"92":{"loc":{"start":{"line":1250,"column":8},"end":{"line":1252,"column":9}},"type":"if","locations":[{"start":{"line":1250,"column":8},"end":{"line":1252,"column":9}},{"start":{},"end":{}}],"line":1250},"93":{"loc":{"start":{"line":1257,"column":8},"end":{"line":1263,"column":9}},"type":"if","locations":[{"start":{"line":1257,"column":8},"end":{"line":1263,"column":9}},{"start":{"line":1259,"column":15},"end":{"line":1263,"column":9}}],"line":1257},"94":{"loc":{"start":{"line":1259,"column":15},"end":{"line":1263,"column":9}},"type":"if","locations":[{"start":{"line":1259,"column":15},"end":{"line":1263,"column":9}},{"start":{"line":1261,"column":15},"end":{"line":1263,"column":9}}],"line":1259},"95":{"loc":{"start":{"line":1267,"column":8},"end":{"line":1271,"column":9}},"type":"if","locations":[{"start":{"line":1267,"column":8},"end":{"line":1271,"column":9}},{"start":{"line":1269,"column":15},"end":{"line":1271,"column":9}}],"line":1267},"96":{"loc":{"start":{"line":1275,"column":8},"end":{"line":1285,"column":9}},"type":"if","locations":[{"start":{"line":1275,"column":8},"end":{"line":1285,"column":9}},{"start":{"line":1277,"column":15},"end":{"line":1285,"column":9}}],"line":1275},"97":{"loc":{"start":{"line":1279,"column":12},"end":{"line":1283,"column":13}},"type":"if","locations":[{"start":{"line":1279,"column":12},"end":{"line":1283,"column":13}},{"start":{"line":1281,"column":19},"end":{"line":1283,"column":13}}],"line":1279},"98":{"loc":{"start":{"line":1453,"column":58},"end":{"line":1453,"column":75}},"type":"default-arg","locations":[{"start":{"line":1453,"column":70},"end":{"line":1453,"column":75}}],"line":1453},"99":{"loc":{"start":{"line":1453,"column":77},"end":{"line":1453,"column":93}},"type":"default-arg","locations":[{"start":{"line":1453,"column":88},"end":{"line":1453,"column":93}}],"line":1453},"100":{"loc":{"start":{"line":1456,"column":8},"end":{"line":1458,"column":9}},"type":"if","locations":[{"start":{"line":1456,"column":8},"end":{"line":1458,"column":9}},{"start":{},"end":{}}],"line":1456},"101":{"loc":{"start":{"line":1456,"column":12},"end":{"line":1456,"column":33}},"type":"binary-expr","locations":[{"start":{"line":1456,"column":12},"end":{"line":1456,"column":20}},{"start":{"line":1456,"column":24},"end":{"line":1456,"column":33}}],"line":1456},"102":{"loc":{"start":{"line":1459,"column":8},"end":{"line":1461,"column":9}},"type":"if","locations":[{"start":{"line":1459,"column":8},"end":{"line":1461,"column":9}},{"start":{},"end":{}}],"line":1459},"103":{"loc":{"start":{"line":1463,"column":8},"end":{"line":1465,"column":9}},"type":"if","locations":[{"start":{"line":1463,"column":8},"end":{"line":1465,"column":9}},{"start":{},"end":{}}],"line":1463},"104":{"loc":{"start":{"line":1478,"column":53},"end":{"line":1478,"column":70}},"type":"default-arg","locations":[{"start":{"line":1478,"column":65},"end":{"line":1478,"column":70}}],"line":1478},"105":{"loc":{"start":{"line":1478,"column":72},"end":{"line":1478,"column":88}},"type":"default-arg","locations":[{"start":{"line":1478,"column":83},"end":{"line":1478,"column":88}}],"line":1478},"106":{"loc":{"start":{"line":1480,"column":8},"end":{"line":1490,"column":9}},"type":"if","locations":[{"start":{"line":1480,"column":8},"end":{"line":1490,"column":9}},{"start":{"line":1485,"column":15},"end":{"line":1490,"column":9}}],"line":1480}},"s":{"0":5,"1":5,"2":2007,"3":2007,"4":2007,"5":2007,"6":2007,"7":2007,"8":2007,"9":2007,"10":2007,"11":2007,"12":2007,"13":2007,"14":2007,"15":2007,"16":1132,"17":1119,"18":1131,"19":1118,"20":1130,"21":1117,"22":305,"23":298,"24":272,"25":269,"26":271,"27":268,"28":137,"29":136,"30":136,"31":136,"32":136,"33":135,"34":26,"35":26,"36":26,"37":25,"38":8,"39":8,"40":141,"41":139,"42":2034,"43":1534,"44":2007,"45":498,"46":498,"47":497,"48":495,"49":1,"50":1,"51":1,"52":1102,"53":4,"54":1098,"55":4,"56":1094,"57":1094,"58":1094,"59":1094,"60":1094,"61":1094,"62":1094,"63":1094,"64":1094,"65":1094,"66":269,"67":4,"68":265,"69":4,"70":261,"71":261,"72":261,"73":261,"74":261,"75":261,"76":261,"77":261,"78":261,"79":261,"80":135,"81":2,"82":133,"83":3,"84":130,"85":130,"86":130,"87":130,"88":130,"89":130,"90":130,"91":130,"92":130,"93":130,"94":130,"95":25,"96":2,"97":23,"98":2,"99":21,"100":21,"101":21,"102":21,"103":21,"104":21,"105":21,"106":21,"107":21,"108":21,"109":7,"110":2,"111":5,"112":2,"113":3,"114":3,"115":3,"116":3,"117":3,"118":3,"119":3,"120":3,"121":3,"122":3,"123":502,"124":5,"125":2,"126":3,"127":3,"128":3,"129":3,"130":3,"131":502,"132":5,"133":2,"134":3,"135":3,"136":3,"137":3,"138":3,"139":499,"140":5,"141":2,"142":3,"143":3,"144":3,"145":3,"146":3,"147":130,"148":5,"149":2,"150":3,"151":3,"152":3,"153":3,"154":3,"155":107,"156":5,"157":2,"158":3,"159":3,"160":3,"161":3,"162":3,"163":111,"164":5,"165":2,"166":3,"167":3,"168":3,"169":3,"170":3,"171":78,"172":3,"173":2,"174":1,"175":1,"176":1,"177":1,"178":1,"179":78,"180":3,"181":2,"182":1,"183":1,"184":1,"185":1,"186":1,"187":78,"188":3,"189":2,"190":1,"191":1,"192":1,"193":1,"194":1,"195":100,"196":3,"197":2,"198":1,"199":1,"200":1,"201":1,"202":1,"203":100,"204":3,"205":2,"206":1,"207":1,"208":1,"209":1,"210":1,"211":79,"212":3,"213":2,"214":1,"215":1,"216":1,"217":1,"218":1,"219":79,"220":3,"221":2,"222":1,"223":1,"224":1,"225":1,"226":1,"227":519,"228":4,"229":2,"230":2,"231":56,"232":8,"233":8,"234":1259,"235":1259,"236":1259,"237":1259,"238":428,"239":831,"240":402,"241":429,"242":88,"243":341,"244":341,"245":1259,"246":186,"247":1259,"248":210,"249":1049,"250":1259,"251":275,"252":275,"253":275,"254":275,"255":4,"256":4,"257":4,"258":271,"259":4,"260":4,"261":4,"262":267,"263":128,"264":128,"265":128,"266":139,"267":132,"268":132,"269":132,"270":7,"271":2,"272":2,"273":2,"274":5,"275":5,"276":5,"277":5,"278":133,"279":133,"280":133,"281":23,"282":23,"283":23,"284":23,"285":5,"286":5,"287":5,"288":18,"289":1,"290":1,"291":1,"292":17,"293":3,"294":3,"295":3,"296":14,"297":3,"298":3,"299":3,"300":11,"301":6,"302":6,"303":6,"304":5,"305":5,"306":5,"307":5,"308":5,"309":5,"310":1529,"311":1529,"312":1401,"313":1401,"314":1401,"315":1401,"316":1401,"317":1511,"318":1511,"319":1511,"320":1511,"321":1511,"322":1511,"323":1511,"324":1511,"325":430,"326":1081,"327":5703,"328":16186,"329":1,"330":1,"331":1,"332":1,"333":1,"334":16,"335":16,"336":16,"337":16,"338":3,"339":3,"340":52,"341":52,"342":52,"343":7,"344":45,"345":3,"346":3,"347":3,"348":3,"349":3,"350":3,"351":3,"352":3,"353":3,"354":3,"355":3,"356":3,"357":3,"358":3,"359":3,"360":3,"361":3,"362":114,"363":114,"364":114,"365":114,"366":342,"367":342,"368":114,"369":51,"370":51,"371":51,"372":51,"373":51,"374":23,"375":23,"376":4,"377":1,"378":1,"379":1,"380":1,"381":1,"382":1,"383":2,"384":3,"385":1,"386":2,"387":1,"388":1,"389":16,"390":16,"391":16,"392":16,"393":16,"394":16,"395":16,"396":16,"397":16,"398":16,"399":48,"400":48,"401":64,"402":3,"403":6,"404":6,"405":3,"406":1,"407":2,"408":3,"409":3,"410":6,"411":1,"412":5,"413":3,"414":2,"415":9,"416":3,"417":6,"418":3,"419":3,"420":3,"421":2,"422":1,"423":6,"424":2,"425":4,"426":4,"427":3,"428":1,"429":4,"430":3,"431":3,"432":1,"433":1,"434":1,"435":1,"436":1,"437":1,"438":1,"439":1,"440":1,"441":1,"442":1,"443":1,"444":1,"445":1,"446":1,"447":1,"448":1,"449":1,"450":1,"451":1,"452":1,"453":1,"454":1,"455":1,"456":1,"457":1,"458":1,"459":1,"460":1,"461":10,"462":10,"463":10,"464":10,"465":10,"466":1,"467":3,"468":3,"469":3,"470":9,"471":9,"472":9,"473":3,"474":43,"475":43,"476":4,"477":39,"478":4,"479":35,"480":4,"481":31,"482":4,"483":4,"484":1,"485":2,"486":2,"487":3,"488":17,"489":17,"490":4,"491":5},"f":{"0":1132,"1":1119,"2":1131,"3":1118,"4":1130,"5":1117,"6":305,"7":298,"8":272,"9":269,"10":271,"11":268,"12":137,"13":136,"14":136,"15":136,"16":136,"17":135,"18":26,"19":26,"20":26,"21":25,"22":8,"23":8,"24":141,"25":139,"26":2034,"27":1534,"28":2007,"29":1102,"30":269,"31":135,"32":25,"33":7,"34":502,"35":5,"36":502,"37":5,"38":499,"39":5,"40":130,"41":5,"42":107,"43":5,"44":111,"45":5,"46":78,"47":3,"48":78,"49":3,"50":78,"51":3,"52":100,"53":3,"54":100,"55":3,"56":79,"57":3,"58":79,"59":3,"60":519,"61":4,"62":56,"63":8,"64":8,"65":1,"66":16,"67":3,"68":52,"69":3,"70":3,"71":114,"72":51,"73":23,"74":23,"75":4,"76":1,"77":1,"78":1,"79":1,"80":1,"81":1,"82":2,"83":3,"84":1,"85":2,"86":1,"87":1,"88":1,"89":1,"90":1,"91":1,"92":1,"93":1,"94":1,"95":1,"96":1,"97":1,"98":43,"99":4},"b":{"0":[498,1509],"1":[495,1,1],"2":[215],"3":[4,1098],"4":[1102,1101,1100,1099],"5":[4,1094],"6":[1098,1097,1096,1095],"7":[135],"8":[4,265],"9":[269,268,267,266],"10":[4,261],"11":[265,264,263,262],"12":[129],"13":[2,133],"14":[135,134,134,133,133],"15":[3,130],"16":[133,133,132,132,131],"17":[6],"18":[2,23],"19":[25,24,24,23],"20":[2,21],"21":[23,23,22,22],"22":[4],"23":[2,5],"24":[7,6,6,5],"25":[2,3],"26":[5,5,4,4],"27":[2,3],"28":[5,4],"29":[2,3],"30":[5,4],"31":[2,3],"32":[5,4],"33":[2,3],"34":[5,4],"35":[2,3],"36":[5,4],"37":[2,3],"38":[5,4],"39":[2,1],"40":[3,2],"41":[2,1],"42":[3,2],"43":[2,1],"44":[3,2],"45":[2,1],"46":[3,2],"47":[2,1],"48":[3,2],"49":[2,1],"50":[3,2],"51":[2,1],"52":[3,2],"53":[2,2],"54":[4,3],"55":[428,831],"56":[402,429],"57":[88,341],"58":[341,0],"59":[186,1073],"60":[210,1049],"61":[4,271],"62":[275,275],"63":[4,267],"64":[271,271],"65":[128,139],"66":[267,267],"67":[132,7],"68":[139,139],"69":[2,5],"70":[7,7],"71":[5,0],"72":[5,5],"73":[5,18],"74":[23,23],"75":[1,17],"76":[18,18],"77":[3,14],"78":[17,17],"79":[3,11],"80":[14,14],"81":[6,5],"82":[11,11],"83":[5,0],"84":[5,5],"85":[430,1081],"86":[1,15],"87":[7,45],"88":[61,281],"89":[0,51],"90":[1,2],"91":[1,5],"92":[3,2],"93":[3,6],"94":[3,3],"95":[2,1],"96":[2,4],"97":[3,1],"98":[8],"99":[12],"100":[4,39],"101":[43,8],"102":[4,35],"103":[4,31],"104":[4],"105":[4],"106":[1,3]},"_coverageSchema":"1a1c01bbd47fc00a2c39e90264f33305004495a9","hash":"c0ba93aa4f1e1d5b1e8c9f6220b96a60dcd6413d"}
}
