TN:
SF:index.js
FN:30,(anonymous_0)
FN:36,(anonymous_1)
FN:42,(anonymous_2)
FN:48,(anonymous_3)
FN:54,(anonymous_4)
FN:60,(anonymous_5)
FN:66,(anonymous_6)
FN:72,(anonymous_7)
FN:78,(anonymous_8)
FN:84,(anonymous_9)
FN:90,(anonymous_10)
FN:96,(anonymous_11)
FN:102,(anonymous_12)
FN:108,(anonymous_13)
FN:114,(anonymous_14)
FN:120,(anonymous_15)
FN:126,(anonymous_16)
FN:132,(anonymous_17)
FN:138,(anonymous_18)
FN:144,(anonymous_19)
FN:150,(anonymous_20)
FN:156,(anonymous_21)
FN:162,(anonymous_22)
FN:168,(anonymous_23)
FN:174,(anonymous_24)
FN:180,(anonymous_25)
FN:186,(anonymous_26)
FN:192,(anonymous_27)
FN:200,(anonymous_28)
FN:226,(anonymous_29)
FN:252,(anonymous_30)
FN:279,(anonymous_31)
FN:307,(anonymous_32)
FN:334,(anonymous_33)
FN:356,(anonymous_34)
FN:358,(anonymous_35)
FN:373,(anonymous_36)
FN:375,(anonymous_37)
FN:389,(anonymous_38)
FN:391,(anonymous_39)
FN:405,(anonymous_40)
FN:407,(anonymous_41)
FN:421,(anonymous_42)
FN:423,(anonymous_43)
FN:437,(anonymous_44)
FN:439,(anonymous_45)
FN:453,(anonymous_46)
FN:455,(anonymous_47)
FN:469,(anonymous_48)
FN:471,(anonymous_49)
FN:485,(anonymous_50)
FN:487,(anonymous_51)
FN:501,(anonymous_52)
FN:503,(anonymous_53)
FN:517,(anonymous_54)
FN:519,(anonymous_55)
FN:533,(anonymous_56)
FN:535,(anonymous_57)
FN:549,(anonymous_58)
FN:551,(anonymous_59)
FN:565,(anonymous_60)
FN:567,(anonymous_61)
FN:577,(anonymous_62)
FN:599,(anonymous_63)
FN:606,(anonymous_64)
FN:759,(anonymous_65)
FN:773,(anonymous_66)
FN:785,(anonymous_67)
FN:797,(anonymous_68)
FN:811,(anonymous_69)
FN:831,(anonymous_70)
FN:853,(anonymous_71)
FN:878,(anonymous_72)
FN:899,(anonymous_73)
FN:913,(anonymous_74)
FN:927,(anonymous_75)
FN:941,(anonymous_76)
FN:956,(anonymous_77)
FN:971,(anonymous_78)
FN:986,(anonymous_79)
FN:1001,(anonymous_80)
FN:1016,(anonymous_81)
FN:1031,(anonymous_82)
FN:1046,(anonymous_83)
FN:1061,(anonymous_84)
FN:1076,(anonymous_85)
FN:1091,(anonymous_86)
FN:1106,(anonymous_87)
FN:1309,(anonymous_88)
FN:1319,(anonymous_89)
FN:1329,(anonymous_90)
FN:1338,(anonymous_91)
FN:1350,(anonymous_92)
FN:1360,(anonymous_93)
FN:1373,(anonymous_94)
FN:1384,(anonymous_95)
FN:1397,(anonymous_96)
FN:1409,(anonymous_97)
FN:1453,(anonymous_98)
FN:1478,(anonymous_99)
FNF:100
FNH:100
FNDA:1132,(anonymous_0)
FNDA:1119,(anonymous_1)
FNDA:1131,(anonymous_2)
FNDA:1118,(anonymous_3)
FNDA:1130,(anonymous_4)
FNDA:1117,(anonymous_5)
FNDA:305,(anonymous_6)
FNDA:298,(anonymous_7)
FNDA:272,(anonymous_8)
FNDA:269,(anonymous_9)
FNDA:271,(anonymous_10)
FNDA:268,(anonymous_11)
FNDA:137,(anonymous_12)
FNDA:136,(anonymous_13)
FNDA:136,(anonymous_14)
FNDA:136,(anonymous_15)
FNDA:136,(anonymous_16)
FNDA:135,(anonymous_17)
FNDA:26,(anonymous_18)
FNDA:26,(anonymous_19)
FNDA:26,(anonymous_20)
FNDA:25,(anonymous_21)
FNDA:8,(anonymous_22)
FNDA:8,(anonymous_23)
FNDA:141,(anonymous_24)
FNDA:139,(anonymous_25)
FNDA:2034,(anonymous_26)
FNDA:1534,(anonymous_27)
FNDA:2007,(anonymous_28)
FNDA:1102,(anonymous_29)
FNDA:269,(anonymous_30)
FNDA:135,(anonymous_31)
FNDA:25,(anonymous_32)
FNDA:7,(anonymous_33)
FNDA:502,(anonymous_34)
FNDA:5,(anonymous_35)
FNDA:502,(anonymous_36)
FNDA:5,(anonymous_37)
FNDA:499,(anonymous_38)
FNDA:5,(anonymous_39)
FNDA:130,(anonymous_40)
FNDA:5,(anonymous_41)
FNDA:107,(anonymous_42)
FNDA:5,(anonymous_43)
FNDA:111,(anonymous_44)
FNDA:5,(anonymous_45)
FNDA:78,(anonymous_46)
FNDA:3,(anonymous_47)
FNDA:78,(anonymous_48)
FNDA:3,(anonymous_49)
FNDA:78,(anonymous_50)
FNDA:3,(anonymous_51)
FNDA:100,(anonymous_52)
FNDA:3,(anonymous_53)
FNDA:100,(anonymous_54)
FNDA:3,(anonymous_55)
FNDA:79,(anonymous_56)
FNDA:3,(anonymous_57)
FNDA:79,(anonymous_58)
FNDA:3,(anonymous_59)
FNDA:519,(anonymous_60)
FNDA:4,(anonymous_61)
FNDA:56,(anonymous_62)
FNDA:8,(anonymous_63)
FNDA:8,(anonymous_64)
FNDA:1,(anonymous_65)
FNDA:16,(anonymous_66)
FNDA:3,(anonymous_67)
FNDA:52,(anonymous_68)
FNDA:3,(anonymous_69)
FNDA:3,(anonymous_70)
FNDA:114,(anonymous_71)
FNDA:51,(anonymous_72)
FNDA:23,(anonymous_73)
FNDA:23,(anonymous_74)
FNDA:4,(anonymous_75)
FNDA:1,(anonymous_76)
FNDA:1,(anonymous_77)
FNDA:1,(anonymous_78)
FNDA:1,(anonymous_79)
FNDA:1,(anonymous_80)
FNDA:1,(anonymous_81)
FNDA:2,(anonymous_82)
FNDA:3,(anonymous_83)
FNDA:1,(anonymous_84)
FNDA:2,(anonymous_85)
FNDA:1,(anonymous_86)
FNDA:1,(anonymous_87)
FNDA:1,(anonymous_88)
FNDA:1,(anonymous_89)
FNDA:1,(anonymous_90)
FNDA:1,(anonymous_91)
FNDA:1,(anonymous_92)
FNDA:1,(anonymous_93)
FNDA:1,(anonymous_94)
FNDA:1,(anonymous_95)
FNDA:1,(anonymous_96)
FNDA:1,(anonymous_97)
FNDA:43,(anonymous_98)
FNDA:4,(anonymous_99)
DA:3,5
DA:4,5
DA:11,2007
DA:12,2007
DA:13,2007
DA:14,2007
DA:15,2007
DA:16,2007
DA:17,2007
DA:18,2007
DA:19,2007
DA:20,2007
DA:21,2007
DA:22,2007
DA:23,2007
DA:24,2007
DA:30,1132
DA:36,1119
DA:42,1131
DA:48,1118
DA:54,1130
DA:60,1117
DA:66,305
DA:72,298
DA:78,272
DA:84,269
DA:90,271
DA:96,268
DA:102,137
DA:108,136
DA:114,136
DA:120,136
DA:126,136
DA:132,135
DA:138,26
DA:144,26
DA:150,26
DA:156,25
DA:162,8
DA:168,8
DA:174,141
DA:180,139
DA:186,2034
DA:192,1534
DA:201,2007
DA:202,498
DA:203,498
DA:204,497
DA:206,495
DA:208,1
DA:210,1
DA:213,1
DA:227,1102
DA:228,4
DA:229,1098
DA:230,4
DA:232,1094
DA:233,1094
DA:234,1094
DA:235,1094
DA:236,1094
DA:237,1094
DA:238,1094
DA:239,1094
DA:240,1094
DA:241,1094
DA:253,269
DA:254,4
DA:255,265
DA:256,4
DA:258,261
DA:259,261
DA:260,261
DA:261,261
DA:262,261
DA:263,261
DA:264,261
DA:265,261
DA:266,261
DA:267,261
DA:280,135
DA:281,2
DA:283,133
DA:284,3
DA:286,130
DA:287,130
DA:288,130
DA:289,130
DA:290,130
DA:291,130
DA:292,130
DA:293,130
DA:294,130
DA:295,130
DA:296,130
DA:308,25
DA:309,2
DA:311,23
DA:312,2
DA:314,21
DA:315,21
DA:316,21
DA:317,21
DA:318,21
DA:319,21
DA:320,21
DA:321,21
DA:322,21
DA:323,21
DA:335,7
DA:336,2
DA:338,5
DA:339,2
DA:341,3
DA:342,3
DA:343,3
DA:344,3
DA:345,3
DA:346,3
DA:347,3
DA:348,3
DA:349,3
DA:350,3
DA:356,502
DA:359,5
DA:360,2
DA:362,3
DA:363,3
DA:364,3
DA:365,3
DA:366,3
DA:373,502
DA:376,5
DA:377,2
DA:379,3
DA:380,3
DA:381,3
DA:382,3
DA:383,3
DA:389,499
DA:392,5
DA:393,2
DA:395,3
DA:396,3
DA:397,3
DA:398,3
DA:399,3
DA:405,130
DA:408,5
DA:409,2
DA:411,3
DA:412,3
DA:413,3
DA:414,3
DA:415,3
DA:421,107
DA:424,5
DA:425,2
DA:427,3
DA:428,3
DA:429,3
DA:430,3
DA:431,3
DA:437,111
DA:440,5
DA:441,2
DA:443,3
DA:444,3
DA:445,3
DA:446,3
DA:447,3
DA:453,78
DA:456,3
DA:457,2
DA:459,1
DA:460,1
DA:461,1
DA:462,1
DA:463,1
DA:469,78
DA:472,3
DA:473,2
DA:475,1
DA:476,1
DA:477,1
DA:478,1
DA:479,1
DA:485,78
DA:488,3
DA:489,2
DA:491,1
DA:492,1
DA:493,1
DA:494,1
DA:495,1
DA:501,100
DA:504,3
DA:505,2
DA:507,1
DA:508,1
DA:509,1
DA:510,1
DA:511,1
DA:517,100
DA:520,3
DA:521,2
DA:523,1
DA:524,1
DA:525,1
DA:526,1
DA:527,1
DA:533,79
DA:536,3
DA:537,2
DA:539,1
DA:540,1
DA:541,1
DA:542,1
DA:543,1
DA:549,79
DA:552,3
DA:553,2
DA:555,1
DA:556,1
DA:557,1
DA:558,1
DA:559,1
DA:565,519
DA:568,4
DA:569,2
DA:571,2
DA:578,56
DA:600,8
DA:607,8
DA:612,1259
DA:613,1259
DA:614,1259
DA:616,1259
DA:617,428
DA:618,831
DA:619,402
DA:620,429
DA:621,88
DA:622,341
DA:623,341
DA:627,1259
DA:630,1259
DA:631,210
DA:633,1049
DA:636,1259
DA:641,275
DA:642,275
DA:643,275
DA:644,275
DA:645,4
DA:646,4
DA:647,4
DA:648,271
DA:649,4
DA:650,4
DA:651,4
DA:652,267
DA:653,128
DA:654,128
DA:655,128
DA:656,139
DA:657,132
DA:658,132
DA:659,132
DA:660,7
DA:661,2
DA:662,2
DA:663,2
DA:664,5
DA:665,5
DA:666,5
DA:667,5
DA:671,133
DA:672,133
DA:673,133
DA:678,23
DA:679,23
DA:680,23
DA:681,23
DA:682,5
DA:683,5
DA:684,5
DA:685,18
DA:686,1
DA:687,1
DA:688,1
DA:689,17
DA:690,3
DA:691,3
DA:692,3
DA:693,14
DA:694,3
DA:695,3
DA:696,3
DA:697,11
DA:698,6
DA:699,6
DA:700,6
DA:701,5
DA:702,5
DA:703,5
DA:704,5
DA:708,5
DA:709,5
DA:713,1529
DA:714,1529
DA:717,1401
DA:718,1401
DA:719,1401
DA:720,1401
DA:721,1401
DA:724,1511
DA:725,1511
DA:726,1511
DA:727,1511
DA:728,1511
DA:729,1511
DA:730,1511
DA:731,1511
DA:732,430
DA:735,1081
DA:740,5703
DA:744,16186
DA:760,1
DA:761,1
DA:762,1
DA:763,1
DA:764,1
DA:774,16
DA:775,16
DA:776,16
DA:777,16
DA:786,3
DA:787,3
DA:798,52
DA:799,52
DA:800,52
DA:801,7
DA:803,45
DA:812,3
DA:813,3
DA:815,3
DA:816,3
DA:817,3
DA:818,3
DA:820,3
DA:821,3
DA:823,3
DA:833,3
DA:834,3
DA:835,3
DA:838,3
DA:839,3
DA:842,3
DA:843,3
DA:845,3
DA:854,114
DA:855,114
DA:857,114
DA:858,342
DA:859,342
DA:861,114
DA:879,51
DA:880,51
DA:882,51
DA:883,51
DA:885,51
DA:900,23
DA:914,23
DA:928,4
DA:942,1
DA:957,1
DA:972,1
DA:987,1
DA:1002,1
DA:1017,1
DA:1032,2
DA:1047,3
DA:1062,1
DA:1077,2
DA:1092,1
DA:1107,1
DA:1124,16
DA:1130,16
DA:1136,16
DA:1149,16
DA:1162,16
DA:1175,16
DA:1186,16
DA:1187,16
DA:1188,16
DA:1189,16
DA:1203,48
DA:1204,48
DA:1215,64
DA:1219,3
DA:1223,6
DA:1227,6
DA:1231,3
DA:1232,1
DA:1234,2
DA:1239,3
DA:1243,3
DA:1247,6
DA:1248,1
DA:1250,5
DA:1251,3
DA:1253,2
DA:1257,9
DA:1258,3
DA:1259,6
DA:1260,3
DA:1262,3
DA:1267,3
DA:1268,2
DA:1270,1
DA:1275,6
DA:1276,2
DA:1278,4
DA:1279,4
DA:1280,3
DA:1282,1
DA:1284,4
DA:1289,3
DA:1293,3
DA:1310,1
DA:1320,1
DA:1330,1
DA:1339,1
DA:1340,1
DA:1341,1
DA:1342,1
DA:1351,1
DA:1352,1
DA:1361,1
DA:1362,1
DA:1363,1
DA:1364,1
DA:1365,1
DA:1374,1
DA:1375,1
DA:1376,1
DA:1385,1
DA:1386,1
DA:1387,1
DA:1388,1
DA:1389,1
DA:1398,1
DA:1399,1
DA:1400,1
DA:1401,1
DA:1410,1
DA:1411,1
DA:1412,10
DA:1413,10
DA:1414,10
DA:1415,10
DA:1416,10
DA:1418,1
DA:1429,3
DA:1430,3
DA:1431,9
DA:1432,9
DA:1433,9
DA:1435,3
DA:1454,43
DA:1456,43
DA:1457,4
DA:1459,39
DA:1460,4
DA:1463,35
DA:1464,4
DA:1466,31
DA:1479,4
DA:1480,4
DA:1481,1
DA:1482,2
DA:1483,2
DA:1486,3
DA:1487,17
DA:1488,17
DA:1491,4
DA:1495,5
LF:488
LH:488
BRDA:201,0,0,498
BRDA:201,0,1,1509
BRDA:204,1,0,495
BRDA:204,1,1,1
BRDA:204,1,2,1
BRDA:226,2,0,215
BRDA:227,3,0,4
BRDA:227,3,1,1098
BRDA:227,4,0,1102
BRDA:227,4,1,1101
BRDA:227,4,2,1100
BRDA:227,4,3,1099
BRDA:229,5,0,4
BRDA:229,5,1,1094
BRDA:229,6,0,1098
BRDA:229,6,1,1097
BRDA:229,6,2,1096
BRDA:229,6,3,1095
BRDA:252,7,0,135
BRDA:253,8,0,4
BRDA:253,8,1,265
BRDA:253,9,0,269
BRDA:253,9,1,268
BRDA:253,9,2,267
BRDA:253,9,3,266
BRDA:255,10,0,4
BRDA:255,10,1,261
BRDA:255,11,0,265
BRDA:255,11,1,264
BRDA:255,11,2,263
BRDA:255,11,3,262
BRDA:279,12,0,129
BRDA:280,13,0,2
BRDA:280,13,1,133
BRDA:280,14,0,135
BRDA:280,14,1,134
BRDA:280,14,2,134
BRDA:280,14,3,133
BRDA:280,14,4,133
BRDA:283,15,0,3
BRDA:283,15,1,130
BRDA:283,16,0,133
BRDA:283,16,1,133
BRDA:283,16,2,132
BRDA:283,16,3,132
BRDA:283,16,4,131
BRDA:307,17,0,6
BRDA:308,18,0,2
BRDA:308,18,1,23
BRDA:308,19,0,25
BRDA:308,19,1,24
BRDA:308,19,2,24
BRDA:308,19,3,23
BRDA:311,20,0,2
BRDA:311,20,1,21
BRDA:311,21,0,23
BRDA:311,21,1,23
BRDA:311,21,2,22
BRDA:311,21,3,22
BRDA:334,22,0,4
BRDA:335,23,0,2
BRDA:335,23,1,5
BRDA:335,24,0,7
BRDA:335,24,1,6
BRDA:335,24,2,6
BRDA:335,24,3,5
BRDA:338,25,0,2
BRDA:338,25,1,3
BRDA:338,26,0,5
BRDA:338,26,1,5
BRDA:338,26,2,4
BRDA:338,26,3,4
BRDA:359,27,0,2
BRDA:359,27,1,3
BRDA:359,28,0,5
BRDA:359,28,1,4
BRDA:376,29,0,2
BRDA:376,29,1,3
BRDA:376,30,0,5
BRDA:376,30,1,4
BRDA:392,31,0,2
BRDA:392,31,1,3
BRDA:392,32,0,5
BRDA:392,32,1,4
BRDA:408,33,0,2
BRDA:408,33,1,3
BRDA:408,34,0,5
BRDA:408,34,1,4
BRDA:424,35,0,2
BRDA:424,35,1,3
BRDA:424,36,0,5
BRDA:424,36,1,4
BRDA:440,37,0,2
BRDA:440,37,1,3
BRDA:440,38,0,5
BRDA:440,38,1,4
BRDA:456,39,0,2
BRDA:456,39,1,1
BRDA:456,40,0,3
BRDA:456,40,1,2
BRDA:472,41,0,2
BRDA:472,41,1,1
BRDA:472,42,0,3
BRDA:472,42,1,2
BRDA:488,43,0,2
BRDA:488,43,1,1
BRDA:488,44,0,3
BRDA:488,44,1,2
BRDA:504,45,0,2
BRDA:504,45,1,1
BRDA:504,46,0,3
BRDA:504,46,1,2
BRDA:520,47,0,2
BRDA:520,47,1,1
BRDA:520,48,0,3
BRDA:520,48,1,2
BRDA:536,49,0,2
BRDA:536,49,1,1
BRDA:536,50,0,3
BRDA:536,50,1,2
BRDA:552,51,0,2
BRDA:552,51,1,1
BRDA:552,52,0,3
BRDA:552,52,1,2
BRDA:568,53,0,2
BRDA:568,53,1,2
BRDA:568,54,0,4
BRDA:568,54,1,3
BRDA:616,55,0,428
BRDA:616,55,1,831
BRDA:618,56,0,402
BRDA:618,56,1,429
BRDA:620,57,0,88
BRDA:620,57,1,341
BRDA:622,58,0,341
BRDA:622,58,1,0
BRDA:627,59,0,186
BRDA:627,59,1,1073
BRDA:630,60,0,210
BRDA:630,60,1,1049
BRDA:644,61,0,4
BRDA:644,61,1,271
BRDA:644,62,0,275
BRDA:644,62,1,275
BRDA:648,63,0,4
BRDA:648,63,1,267
BRDA:648,64,0,271
BRDA:648,64,1,271
BRDA:652,65,0,128
BRDA:652,65,1,139
BRDA:652,66,0,267
BRDA:652,66,1,267
BRDA:656,67,0,132
BRDA:656,67,1,7
BRDA:656,68,0,139
BRDA:656,68,1,139
BRDA:660,69,0,2
BRDA:660,69,1,5
BRDA:660,70,0,7
BRDA:660,70,1,7
BRDA:664,71,0,5
BRDA:664,71,1,0
BRDA:664,72,0,5
BRDA:664,72,1,5
BRDA:681,73,0,5
BRDA:681,73,1,18
BRDA:681,74,0,23
BRDA:681,74,1,23
BRDA:685,75,0,1
BRDA:685,75,1,17
BRDA:685,76,0,18
BRDA:685,76,1,18
BRDA:689,77,0,3
BRDA:689,77,1,14
BRDA:689,78,0,17
BRDA:689,78,1,17
BRDA:693,79,0,3
BRDA:693,79,1,11
BRDA:693,80,0,14
BRDA:693,80,1,14
BRDA:697,81,0,6
BRDA:697,81,1,5
BRDA:697,82,0,11
BRDA:697,82,1,11
BRDA:701,83,0,5
BRDA:701,83,1,0
BRDA:701,84,0,5
BRDA:701,84,1,5
BRDA:731,85,0,430
BRDA:731,85,1,1081
BRDA:776,86,0,1
BRDA:776,86,1,15
BRDA:800,87,0,7
BRDA:800,87,1,45
BRDA:859,88,0,61
BRDA:859,88,1,281
BRDA:882,89,0,0
BRDA:882,89,1,51
BRDA:1231,90,0,1
BRDA:1231,90,1,2
BRDA:1247,91,0,1
BRDA:1247,91,1,5
BRDA:1250,92,0,3
BRDA:1250,92,1,2
BRDA:1257,93,0,3
BRDA:1257,93,1,6
BRDA:1259,94,0,3
BRDA:1259,94,1,3
BRDA:1267,95,0,2
BRDA:1267,95,1,1
BRDA:1275,96,0,2
BRDA:1275,96,1,4
BRDA:1279,97,0,3
BRDA:1279,97,1,1
BRDA:1453,98,0,8
BRDA:1453,99,0,12
BRDA:1456,100,0,4
BRDA:1456,100,1,39
BRDA:1456,101,0,43
BRDA:1456,101,1,8
BRDA:1459,102,0,4
BRDA:1459,102,1,35
BRDA:1463,103,0,4
BRDA:1463,103,1,31
BRDA:1478,104,0,4
BRDA:1478,105,0,4
BRDA:1480,106,0,1
BRDA:1480,106,1,3
BRF:228
BRH:224
end_of_record
